[INFO ] 2015-04-12 12:47:29,313 -- Training: /disk/hou/workspace/ml-1m/ratings, kFold: 5 [Parallel]
[DEBUG] 2015-04-12 12:47:32,739 -- Dataset: {Users, Items, Ratings} = {6040, 3706, 1000209}, Scale = {1.0, 2.0, 3.0, 4.0, 5.0}
[DEBUG] 2015-04-12 12:47:34,833 -- Fold [1]: training amount: 800167, test amount: 200042
[DEBUG] 2015-04-12 12:47:34,948 -- RegSVD: 0.005,0.005,0.05,0.05,0.05,10,75,true
[DEBUG] 2015-04-12 12:47:35,288 -- RegSVD fold [1] iter 1: errs = 2777643.2, delta_errs = -2777643.2, loss = 2878288.8, delta_loss = -2878288.8, learn_rate = 0.005
[DEBUG] 2015-04-12 12:47:35,378 -- RegSVD fold [1] iter 2: errs = 641320.6, delta_errs = 2136322.8, loss = 815051.75, delta_loss = 2063237.0, learn_rate = 0.005
[DEBUG] 2015-04-12 12:47:35,386 -- Fold [2]: training amount: 800167, test amount: 200042
[DEBUG] 2015-04-12 12:47:35,428 -- RegSVD: 0.005,0.005,0.05,0.05,0.05,10,75,true
[DEBUG] 2015-04-12 12:47:35,561 -- RegSVD fold [2] iter 1: errs = 2976967.2, delta_errs = -2976967.2, loss = 3069894.0, delta_loss = -3069894.0, learn_rate = 0.005
[DEBUG] 2015-04-12 12:47:35,573 -- RegSVD fold [1] iter 3: errs = 393445.38, delta_errs = 247875.2, loss = 554597.2, delta_loss = 260454.58, learn_rate = 0.005
[DEBUG] 2015-04-12 12:47:35,675 -- RegSVD fold [1] iter 4: errs = 355900.28, delta_errs = 37545.12, loss = 512187.8, delta_loss = 42409.36, learn_rate = 0.005
[DEBUG] 2015-04-12 12:47:35,700 -- RegSVD fold [2] iter 2: errs = 667048.1, delta_errs = 2309919.0, loss = 843515.44, delta_loss = 2226378.5, learn_rate = 0.005
[DEBUG] 2015-04-12 12:47:35,778 -- RegSVD fold [1] iter 5: errs = 343499.97, delta_errs = 12400.311, loss = 497077.38, delta_loss = 15110.462, learn_rate = 0.005
[DEBUG] 2015-04-12 12:47:35,803 -- RegSVD fold [2] iter 3: errs = 397235.3, delta_errs = 269812.84, loss = 560294.06, delta_loss = 283221.38, learn_rate = 0.005
[DEBUG] 2015-04-12 12:47:35,881 -- RegSVD fold [1] iter 6: errs = 337503.38, delta_errs = 5996.5767, loss = 489382.53, delta_loss = 7694.822, learn_rate = 0.005
[DEBUG] 2015-04-12 12:47:35,887 -- Fold [3]: training amount: 800167, test amount: 200042
[DEBUG] 2015-04-12 12:47:35,902 -- RegSVD fold [2] iter 4: errs = 356555.53, delta_errs = 40679.758, loss = 514020.3, delta_loss = 46273.766, learn_rate = 0.005
[DEBUG] 2015-04-12 12:47:35,959 -- RegSVD: 0.005,0.005,0.05,0.05,0.05,10,75,true
[DEBUG] 2015-04-12 12:47:35,990 -- RegSVD fold [1] iter 7: errs = 333809.72, delta_errs = 3693.6636, loss = 484624.22, delta_loss = 4758.319, learn_rate = 0.005
[DEBUG] 2015-04-12 12:47:36,006 -- RegSVD fold [2] iter 5: errs = 343268.7, delta_errs = 13286.862, loss = 497787.22, delta_loss = 16233.094, learn_rate = 0.005
[DEBUG] 2015-04-12 12:47:36,093 -- RegSVD fold [1] iter 8: errs = 331005.3, delta_errs = 2804.3987, loss = 481202.84, delta_loss = 3421.375, learn_rate = 0.005
[DEBUG] 2015-04-12 12:47:36,113 -- RegSVD fold [2] iter 6: errs = 336629.06, delta_errs = 6639.631, loss = 489386.34, delta_loss = 8400.865, learn_rate = 0.005
[DEBUG] 2015-04-12 12:47:36,192 -- RegSVD fold [3] iter 1: errs = 2728923.2, delta_errs = -2728923.2, loss = 2827211.8, delta_loss = -2827211.8, learn_rate = 0.005
[DEBUG] 2015-04-12 12:47:36,197 -- RegSVD fold [1] iter 9: errs = 328471.2, delta_errs = 2534.142, loss = 478401.56, delta_loss = 2801.272, learn_rate = 0.005
[DEBUG] 2015-04-12 12:47:36,217 -- RegSVD fold [2] iter 7: errs = 332218.47, delta_errs = 4410.569, loss = 483967.84, delta_loss = 5418.511, learn_rate = 0.005
[DEBUG] 2015-04-12 12:47:36,302 -- RegSVD fold [1] iter 10: errs = 325898.53, delta_errs = 2572.6458, loss = 475855.28, delta_loss = 2546.303, learn_rate = 0.005
[DEBUG] 2015-04-12 12:47:36,322 -- RegSVD fold [2] iter 8: errs = 328507.16, delta_errs = 3711.3313, loss = 479806.22, delta_loss = 4161.6113, learn_rate = 0.005
[DEBUG] 2015-04-12 12:47:36,385 -- Fold [4]: training amount: 800167, test amount: 200042
[DEBUG] 2015-04-12 12:47:36,409 -- RegSVD fold [1] iter 11: errs = 323141.25, delta_errs = 2757.2742, loss = 473377.8, delta_loss = 2477.4426, learn_rate = 0.005
[DEBUG] 2015-04-12 12:47:36,426 -- RegSVD fold [2] iter 9: errs = 324865.75, delta_errs = 3641.3865, loss = 476165.6, delta_loss = 3640.6294, learn_rate = 0.005
[DEBUG] 2015-04-12 12:47:36,440 -- RegSVD fold [3] iter 2: errs = 630915.06, delta_errs = 2098008.2, loss = 794092.4, delta_loss = 2033119.4, learn_rate = 0.005
[DEBUG] 2015-04-12 12:47:36,451 -- RegSVD: 0.005,0.005,0.05,0.05,0.05,10,75,true
[DEBUG] 2015-04-12 12:47:36,517 -- RegSVD fold [1] iter 12: errs = 320164.78, delta_errs = 2976.4707, loss = 470896.7, delta_loss = 2481.1372, learn_rate = 0.005
[DEBUG] 2015-04-12 12:47:36,537 -- RegSVD fold [2] iter 10: errs = 321099.3, delta_errs = 3766.4446, loss = 472762.34, delta_loss = 3403.2534, learn_rate = 0.005
[DEBUG] 2015-04-12 12:47:36,548 -- RegSVD fold [3] iter 3: errs = 389686.9, delta_errs = 241228.14, loss = 543749.7, delta_loss = 250342.72, learn_rate = 0.005
[DEBUG] 2015-04-12 12:47:36,622 -- RegSVD fold [1] iter 13: errs = 317013.6, delta_errs = 3151.183, loss = 468414.47, delta_loss = 2482.2346, learn_rate = 0.005
[DEBUG] 2015-04-12 12:47:36,648 -- RegSVD fold [2] iter 11: errs = 317273.5, delta_errs = 3825.8164, loss = 469559.75, delta_loss = 3202.5872, learn_rate = 0.005
[DEBUG] 2015-04-12 12:47:36,657 -- RegSVD fold [3] iter 4: errs = 355525.3, delta_errs = 34161.582, loss = 508080.03, delta_loss = 35669.633, learn_rate = 0.005
[DEBUG] 2015-04-12 12:47:36,664 -- RegSVD fold [4] iter 1: errs = 2713923.5, delta_errs = -2713923.5, loss = 2815437.2, delta_loss = -2815437.2, learn_rate = 0.005
[DEBUG] 2015-04-12 12:47:36,728 -- RegSVD fold [1] iter 14: errs = 313774.1, delta_errs = 3239.5151, loss = 465972.66, delta_loss = 2441.8035, learn_rate = 0.005
[DEBUG] 2015-04-12 12:47:36,771 -- RegSVD fold [2] iter 12: errs = 313552.62, delta_errs = 3720.8855, loss = 466612.7, delta_loss = 2947.074, learn_rate = 0.005
[DEBUG] 2015-04-12 12:47:36,777 -- RegSVD fold [3] iter 5: errs = 343743.44, delta_errs = 11781.868, loss = 494946.56, delta_loss = 13133.485, learn_rate = 0.005
[DEBUG] 2015-04-12 12:47:36,822 -- RegSVD fold [4] iter 2: errs = 624536.8, delta_errs = 2089386.8, loss = 794905.3, delta_loss = 2020531.9, learn_rate = 0.005
[DEBUG] 2015-04-12 12:47:36,835 -- RegSVD fold [1] iter 15: errs = 310538.16, delta_errs = 3235.9297, loss = 463619.47, delta_loss = 2353.168, learn_rate = 0.005
[DEBUG] 2015-04-12 12:47:36,887 -- RegSVD fold [2] iter 13: errs = 310059.5, delta_errs = 3493.1255, loss = 463955.2, delta_loss = 2657.4763, learn_rate = 0.005
[DEBUG] 2015-04-12 12:47:36,897 -- Fold [5]: training amount: 800168, test amount: 200041
[DEBUG] 2015-04-12 12:47:36,901 -- RegSVD fold [3] iter 6: errs = 337730.22, delta_errs = 6013.2417, loss = 487994.03, delta_loss = 6952.5312, learn_rate = 0.005
[DEBUG] 2015-04-12 12:47:36,941 -- RegSVD fold [1] iter 16: errs = 307379.8, delta_errs = 3158.36, loss = 461390.22, delta_loss = 2229.2747, learn_rate = 0.005
[DEBUG] 2015-04-12 12:47:36,945 -- RegSVD: 0.005,0.005,0.05,0.05,0.05,10,75,true
[DEBUG] 2015-04-12 12:47:36,960 -- RegSVD fold [4] iter 3: errs = 390365.16, delta_errs = 234171.64, loss = 549627.56, delta_loss = 245277.8, learn_rate = 0.005
[DEBUG] 2015-04-12 12:47:37,000 -- RegSVD fold [2] iter 14: errs = 306831.6, delta_errs = 3227.8855, loss = 461572.66, delta_loss = 2382.5498, learn_rate = 0.005
[DEBUG] 2015-04-12 12:47:37,015 -- RegSVD fold [3] iter 7: errs = 333608.84, delta_errs = 4121.353, loss = 483355.94, delta_loss = 4638.0747, learn_rate = 0.005
[DEBUG] 2015-04-12 12:47:37,055 -- RegSVD fold [1] iter 17: errs = 304347.44, delta_errs = 3032.362, loss = 459301.97, delta_loss = 2088.2512, learn_rate = 0.005
[DEBUG] 2015-04-12 12:47:37,062 -- RegSVD fold [5] iter 1: errs = 2796722.2, delta_errs = -2796722.2, loss = 2897430.8, delta_loss = -2897430.8, learn_rate = 0.005
[DEBUG] 2015-04-12 12:47:37,095 -- RegSVD fold [4] iter 4: errs = 355154.78, delta_errs = 35210.367, loss = 510605.7, delta_loss = 39021.832, learn_rate = 0.005
[DEBUG] 2015-04-12 12:47:37,130 -- RegSVD fold [3] iter 8: errs = 329994.53, delta_errs = 3614.3345, loss = 479625.22, delta_loss = 3730.7104, learn_rate = 0.005
[DEBUG] 2015-04-12 12:47:37,131 -- RegSVD fold [2] iter 15: errs = 303852.88, delta_errs = 2978.7363, loss = 459426.6, delta_loss = 2146.0679, learn_rate = 0.005
[DEBUG] 2015-04-12 12:47:37,170 -- RegSVD fold [1] iter 18: errs = 301466.34, delta_errs = 2881.0977, loss = 457357.28, delta_loss = 1944.6777, learn_rate = 0.005
[DEBUG] 2015-04-12 12:47:37,174 -- RegSVD fold [5] iter 2: errs = 642846.25, delta_errs = 2153876.0, loss = 819521.25, delta_loss = 2077909.5, learn_rate = 0.005
[DEBUG] 2015-04-12 12:47:37,229 -- RegSVD fold [4] iter 5: errs = 343161.22, delta_errs = 11993.58, loss = 496243.72, delta_loss = 14361.976, learn_rate = 0.005
[DEBUG] 2015-04-12 12:47:37,245 -- RegSVD fold [3] iter 9: errs = 326339.75, delta_errs = 3654.7783, loss = 476221.84, delta_loss = 3403.4011, learn_rate = 0.005
[DEBUG] 2015-04-12 12:47:37,260 -- RegSVD fold [2] iter 16: errs = 301093.25, delta_errs = 2759.6194, loss = 457479.3, delta_loss = 1947.2648, learn_rate = 0.005
[DEBUG] 2015-04-12 12:47:37,284 -- RegSVD fold [1] iter 19: errs = 298744.3, delta_errs = 2722.021, loss = 455549.78, delta_loss = 1807.4862, learn_rate = 0.005
[DEBUG] 2015-04-12 12:47:37,285 -- RegSVD fold [5] iter 3: errs = 395278.88, delta_errs = 247567.38, loss = 557803.2, delta_loss = 261718.08, learn_rate = 0.005
[DEBUG] 2015-04-12 12:47:37,354 -- RegSVD fold [4] iter 6: errs = 337178.78, delta_errs = 5982.44, loss = 488753.94, delta_loss = 7489.772, learn_rate = 0.005
[DEBUG] 2015-04-12 12:47:37,379 -- RegSVD fold [3] iter 10: errs = 322543.78, delta_errs = 3795.9702, loss = 472978.4, delta_loss = 3243.419, learn_rate = 0.005
[DEBUG] 2015-04-12 12:47:37,396 -- RegSVD fold [5] iter 4: errs = 356156.3, delta_errs = 39122.566, loss = 513129.88, delta_loss = 44673.277, learn_rate = 0.005
[DEBUG] 2015-04-12 12:47:37,397 -- RegSVD fold [1] iter 20: errs = 296177.5, delta_errs = 2566.8066, loss = 453868.72, delta_loss = 1681.0616, learn_rate = 0.005
[DEBUG] 2015-04-12 12:47:37,411 -- RegSVD fold [2] iter 17: errs = 298526.8, delta_errs = 2566.4377, loss = 455701.75, delta_loss = 1777.5514, learn_rate = 0.005
[DEBUG] 2015-04-12 12:47:37,486 -- RegSVD fold [4] iter 7: errs = 333272.53, delta_errs = 3906.2395, loss = 483945.22, delta_loss = 4808.7354, learn_rate = 0.005
[DEBUG] 2015-04-12 12:47:37,506 -- RegSVD fold [5] iter 5: errs = 343375.62, delta_errs = 12780.677, loss = 497448.78, delta_loss = 15681.112, learn_rate = 0.005
[DEBUG] 2015-04-12 12:47:37,510 -- RegSVD fold [1] iter 21: errs = 293755.6, delta_errs = 2421.9224, loss = 452302.06, delta_loss = 1566.663, learn_rate = 0.005
[DEBUG] 2015-04-12 12:47:37,521 -- RegSVD fold [3] iter 11: errs = 318749.94, delta_errs = 3793.8174, loss = 469935.03, delta_loss = 3043.382, learn_rate = 0.005
[DEBUG] 2015-04-12 12:47:37,546 -- RegSVD fold [2] iter 18: errs = 296133.62, delta_errs = 2393.1946, loss = 454071.84, delta_loss = 1629.9119, learn_rate = 0.005
[DEBUG] 2015-04-12 12:47:37,608 -- RegSVD fold [4] iter 8: errs = 330026.66, delta_errs = 3245.8616, loss = 480268.5, delta_loss = 3676.7231, learn_rate = 0.005
[DEBUG] 2015-04-12 12:47:37,618 -- RegSVD fold [5] iter 6: errs = 337078.56, delta_errs = 6297.0757, loss = 489397.88, delta_loss = 8050.9033, learn_rate = 0.005
[DEBUG] 2015-04-12 12:47:37,623 -- RegSVD fold [1] iter 22: errs = 291466.2, delta_errs = 2289.4104, loss = 450838.56, delta_loss = 1463.4916, learn_rate = 0.005
[DEBUG] 2015-04-12 12:47:37,661 -- RegSVD fold [3] iter 12: errs = 315129.56, delta_errs = 3620.382, loss = 467159.28, delta_loss = 2775.7568, learn_rate = 0.005
[DEBUG] 2015-04-12 12:47:37,686 -- RegSVD fold [2] iter 19: errs = 293896.66, delta_errs = 2236.9495, loss = 452571.4, delta_loss = 1500.4379, learn_rate = 0.005
[DEBUG] 2015-04-12 12:47:37,729 -- RegSVD fold [5] iter 7: errs = 333011.03, delta_errs = 4067.544, loss = 484288.94, delta_loss = 5108.931, learn_rate = 0.005
[DEBUG] 2015-04-12 12:47:37,738 -- RegSVD fold [1] iter 23: errs = 289298.0, delta_errs = 2168.175, loss = 449468.9, delta_loss = 1369.6582, learn_rate = 0.005
[DEBUG] 2015-04-12 12:47:37,747 -- RegSVD fold [4] iter 9: errs = 326803.2, delta_errs = 3223.474, loss = 477018.4, delta_loss = 3250.0808, learn_rate = 0.005
[DEBUG] 2015-04-12 12:47:37,786 -- RegSVD fold [3] iter 13: errs = 311753.75, delta_errs = 3375.8345, loss = 464656.72, delta_loss = 2502.555, learn_rate = 0.005
[DEBUG] 2015-04-12 12:47:37,817 -- RegSVD fold [2] iter 20: errs = 291799.7, delta_errs = 2096.9692, loss = 451184.47, delta_loss = 1386.9417, learn_rate = 0.005
[DEBUG] 2015-04-12 12:47:37,840 -- RegSVD fold [5] iter 8: errs = 329688.47, delta_errs = 3322.5417, loss = 480443.47, delta_loss = 3845.4705, learn_rate = 0.005
[DEBUG] 2015-04-12 12:47:37,853 -- RegSVD fold [1] iter 24: errs = 287242.4, delta_errs = 2055.6125, loss = 448185.84, delta_loss = 1283.0831, learn_rate = 0.005
[DEBUG] 2015-04-12 12:47:37,869 -- RegSVD fold [4] iter 10: errs = 323341.4, delta_errs = 3461.7966, loss = 473883.75, delta_loss = 3134.6768, learn_rate = 0.005
[DEBUG] 2015-04-12 12:47:37,900 -- RegSVD fold [3] iter 14: errs = 308603.9, delta_errs = 3149.837, loss = 462385.12, delta_loss = 2271.602, learn_rate = 0.005
[DEBUG] 2015-04-12 12:47:37,952 -- RegSVD fold [5] iter 9: errs = 326459.1, delta_errs = 3229.3909, loss = 477114.06, delta_loss = 3329.4211, learn_rate = 0.005
[DEBUG] 2015-04-12 12:47:37,962 -- RegSVD fold [2] iter 21: errs = 289826.8, delta_errs = 1972.8899, loss = 449896.8, delta_loss = 1287.6733, learn_rate = 0.005
[DEBUG] 2015-04-12 12:47:37,967 -- RegSVD fold [1] iter 25: errs = 285293.34, delta_errs = 1949.0546, loss = 446983.72, delta_loss = 1202.1189, learn_rate = 0.005
[DEBUG] 2015-04-12 12:47:37,982 -- RegSVD fold [4] iter 11: errs = 319658.06, delta_errs = 3683.3342, loss = 470809.72, delta_loss = 3074.0298, learn_rate = 0.005
[DEBUG] 2015-04-12 12:47:38,013 -- RegSVD fold [3] iter 15: errs = 305631.78, delta_errs = 2972.1047, loss = 460294.1, delta_loss = 2091.013, learn_rate = 0.005
[DEBUG] 2015-04-12 12:47:38,064 -- RegSVD fold [5] iter 10: errs = 323047.3, delta_errs = 3411.7603, loss = 473961.8, delta_loss = 3152.242, learn_rate = 0.005
[DEBUG] 2015-04-12 12:47:38,081 -- RegSVD fold [1] iter 26: errs = 283446.72, delta_errs = 1846.6283, loss = 445857.94, delta_loss = 1125.7854, learn_rate = 0.005
[DEBUG] 2015-04-12 12:47:38,098 -- RegSVD fold [2] iter 22: errs = 287963.0, delta_errs = 1863.8053, loss = 448695.94, delta_loss = 1200.8723, learn_rate = 0.005
[DEBUG] 2015-04-12 12:47:38,103 -- RegSVD fold [4] iter 12: errs = 315941.44, delta_errs = 3716.6187, loss = 467883.38, delta_loss = 2926.3164, learn_rate = 0.005
[DEBUG] 2015-04-12 12:47:38,127 -- RegSVD fold [3] iter 16: errs = 302797.25, delta_errs = 2834.5361, loss = 458345.16, delta_loss = 1948.9385, learn_rate = 0.005
[DEBUG] 2015-04-12 12:47:38,175 -- RegSVD fold [5] iter 11: errs = 319429.78, delta_errs = 3617.5361, loss = 470892.78, delta_loss = 3069.0266, learn_rate = 0.005
[DEBUG] 2015-04-12 12:47:38,195 -- RegSVD fold [1] iter 27: errs = 281699.22, delta_errs = 1747.494, loss = 444804.25, delta_loss = 1053.6958, learn_rate = 0.005
[DEBUG] 2015-04-12 12:47:38,224 -- RegSVD fold [2] iter 23: errs = 286194.78, delta_errs = 1768.2307, loss = 447571.12, delta_loss = 1124.8019, learn_rate = 0.005
[DEBUG] 2015-04-12 12:47:38,230 -- RegSVD fold [4] iter 13: errs = 312385.03, delta_errs = 3556.4248, loss = 465196.2, delta_loss = 2687.2083, learn_rate = 0.005
[DEBUG] 2015-04-12 12:47:38,240 -- RegSVD fold [3] iter 17: errs = 300078.53, delta_errs = 2718.7222, loss = 456514.72, delta_loss = 1830.4418, learn_rate = 0.005
[DEBUG] 2015-04-12 12:47:38,286 -- RegSVD fold [5] iter 12: errs = 315743.16, delta_errs = 3686.6367, loss = 467953.25, delta_loss = 2939.53, learn_rate = 0.005
[DEBUG] 2015-04-12 12:47:38,308 -- RegSVD fold [1] iter 28: errs = 280047.56, delta_errs = 1651.6606, loss = 443818.4, delta_loss = 985.8377, learn_rate = 0.005
[DEBUG] 2015-04-12 12:47:38,346 -- RegSVD fold [4] iter 14: errs = 309078.72, delta_errs = 3306.3064, loss = 462770.0, delta_loss = 2426.1663, learn_rate = 0.005
[DEBUG] 2015-04-12 12:47:38,352 -- RegSVD fold [3] iter 18: errs = 297469.16, delta_errs = 2609.3755, loss = 454790.6, delta_loss = 1724.1307, learn_rate = 0.005
[DEBUG] 2015-04-12 12:47:38,391 -- RegSVD fold [2] iter 24: errs = 284510.4, delta_errs = 1684.3688, loss = 446513.28, delta_loss = 1057.8514, learn_rate = 0.005
[DEBUG] 2015-04-12 12:47:38,398 -- RegSVD fold [5] iter 13: errs = 312154.88, delta_errs = 3588.2812, loss = 465217.72, delta_loss = 2735.5266, learn_rate = 0.005
[DEBUG] 2015-04-12 12:47:38,422 -- RegSVD fold [1] iter 29: errs = 278487.94, delta_errs = 1559.6288, loss = 442896.06, delta_loss = 922.3441, learn_rate = 0.005
[DEBUG] 2015-04-12 12:47:38,461 -- RegSVD fold [4] iter 15: errs = 306018.62, delta_errs = 3060.106, loss = 460573.94, delta_loss = 2196.0813, learn_rate = 0.005
[DEBUG] 2015-04-12 12:47:38,470 -- RegSVD fold [3] iter 19: errs = 294970.97, delta_errs = 2498.198, loss = 453167.0, delta_loss = 1623.594, learn_rate = 0.005
[DEBUG] 2015-04-12 12:47:38,508 -- RegSVD fold [5] iter 14: errs = 308765.88, delta_errs = 3388.9924, loss = 462717.97, delta_loss = 2499.7483, learn_rate = 0.005
[DEBUG] 2015-04-12 12:47:38,534 -- RegSVD fold [1] iter 30: errs = 277015.88, delta_errs = 1472.0411, loss = 442032.72, delta_loss = 863.32697, learn_rate = 0.005
[DEBUG] 2015-04-12 12:47:38,555 -- RegSVD fold [2] iter 25: errs = 282900.06, delta_errs = 1610.3301, loss = 445514.72, delta_loss = 998.56506, learn_rate = 0.005
[DEBUG] 2015-04-12 12:47:38,582 -- RegSVD fold [3] iter 20: errs = 292587.97, delta_errs = 2382.9863, loss = 451640.62, delta_loss = 1526.3854, learn_rate = 0.005
[DEBUG] 2015-04-12 12:47:38,585 -- RegSVD fold [4] iter 16: errs = 303165.3, delta_errs = 2853.3062, loss = 458565.66, delta_loss = 2008.2649, learn_rate = 0.005
[DEBUG] 2015-04-12 12:47:38,619 -- RegSVD fold [5] iter 15: errs = 305600.22, delta_errs = 3165.6582, loss = 460441.6, delta_loss = 2276.3708, learn_rate = 0.005
[DEBUG] 2015-04-12 12:47:38,647 -- RegSVD fold [1] iter 31: errs = 275626.44, delta_errs = 1389.4348, loss = 441223.94, delta_loss = 808.78937, learn_rate = 0.005
[DEBUG] 2015-04-12 12:47:38,694 -- RegSVD fold [3] iter 21: errs = 290323.12, delta_errs = 2264.8599, loss = 450208.47, delta_loss = 1432.127, learn_rate = 0.005
[DEBUG] 2015-04-12 12:47:38,696 -- RegSVD fold [2] iter 26: errs = 281355.8, delta_errs = 1544.2535, loss = 444569.1, delta_loss = 945.6287, learn_rate = 0.005
[DEBUG] 2015-04-12 12:47:38,722 -- RegSVD fold [4] iter 17: errs = 300483.4, delta_errs = 2681.9124, loss = 456713.22, delta_loss = 1852.4596, learn_rate = 0.005
[DEBUG] 2015-04-12 12:47:38,730 -- RegSVD fold [5] iter 16: errs = 302643.44, delta_errs = 2956.7837, loss = 458360.44, delta_loss = 2081.1724, learn_rate = 0.005
[DEBUG] 2015-04-12 12:47:38,760 -- RegSVD fold [1] iter 32: errs = 274314.34, delta_errs = 1312.1143, loss = 440465.34, delta_loss = 758.6031, learn_rate = 0.005
[DEBUG] 2015-04-12 12:47:38,829 -- RegSVD fold [3] iter 22: errs = 288177.28, delta_errs = 2145.8389, loss = 448867.4, delta_loss = 1341.0745, learn_rate = 0.005
[DEBUG] 2015-04-12 12:47:38,840 -- RegSVD fold [5] iter 17: errs = 299874.56, delta_errs = 2768.8772, loss = 456449.03, delta_loss = 1911.4023, learn_rate = 0.005
[DEBUG] 2015-04-12 12:47:38,848 -- RegSVD fold [2] iter 27: errs = 279871.44, delta_errs = 1484.3826, loss = 443671.22, delta_loss = 897.8655, learn_rate = 0.005
[DEBUG] 2015-04-12 12:47:38,855 -- RegSVD fold [4] iter 18: errs = 297952.25, delta_errs = 2531.1309, loss = 454997.0, delta_loss = 1716.1953, learn_rate = 0.005
[DEBUG] 2015-04-12 12:47:38,873 -- RegSVD fold [1] iter 33: errs = 273074.22, delta_errs = 1240.1271, loss = 439752.8, delta_loss = 712.52924, learn_rate = 0.005
[DEBUG] 2015-04-12 12:47:38,951 -- RegSVD fold [5] iter 18: errs = 297276.66, delta_errs = 2597.8928, loss = 454687.97, delta_loss = 1761.0468, learn_rate = 0.005
[DEBUG] 2015-04-12 12:47:38,973 -- RegSVD fold [2] iter 28: errs = 278442.3, delta_errs = 1429.1346, loss = 442816.97, delta_loss = 854.24994, learn_rate = 0.005
[DEBUG] 2015-04-12 12:47:38,974 -- RegSVD fold [3] iter 23: errs = 286149.5, delta_errs = 2027.7618, loss = 447613.8, delta_loss = 1253.5974, learn_rate = 0.005
[DEBUG] 2015-04-12 12:47:38,979 -- RegSVD fold [4] iter 19: errs = 295561.72, delta_errs = 2390.554, loss = 453404.72, delta_loss = 1592.2877, learn_rate = 0.005
[DEBUG] 2015-04-12 12:47:38,986 -- RegSVD fold [1] iter 34: errs = 271900.9, delta_errs = 1173.3026, loss = 439082.56, delta_loss = 670.25574, learn_rate = 0.005
[DEBUG] 2015-04-12 12:47:39,066 -- RegSVD fold [5] iter 19: errs = 294835.56, delta_errs = 2441.0916, loss = 453061.12, delta_loss = 1626.8479, learn_rate = 0.005
[DEBUG] 2015-04-12 12:47:39,093 -- RegSVD fold [4] iter 20: errs = 293304.53, delta_errs = 2257.1738, loss = 451926.0, delta_loss = 1478.7214, learn_rate = 0.005
[DEBUG] 2015-04-12 12:47:39,099 -- RegSVD fold [1] iter 35: errs = 270789.6, delta_errs = 1111.3188, loss = 438451.12, delta_loss = 631.43677, learn_rate = 0.005
[DEBUG] 2015-04-12 12:47:39,110 -- RegSVD fold [3] iter 24: errs = 284237.3, delta_errs = 1912.2063, loss = 446443.66, delta_loss = 1170.167, learn_rate = 0.005
[DEBUG] 2015-04-12 12:47:39,128 -- RegSVD fold [2] iter 29: errs = 277065.12, delta_errs = 1377.1654, loss = 442003.03, delta_loss = 813.9262, learn_rate = 0.005
[DEBUG] 2015-04-12 12:47:39,177 -- RegSVD fold [5] iter 20: errs = 292537.16, delta_errs = 2298.415, loss = 451553.53, delta_loss = 1507.6045, learn_rate = 0.005
[DEBUG] 2015-04-12 12:47:39,205 -- RegSVD fold [4] iter 21: errs = 291172.2, delta_errs = 2132.3337, loss = 450550.25, delta_loss = 1375.7676, learn_rate = 0.005
[DEBUG] 2015-04-12 12:47:39,212 -- RegSVD fold [1] iter 36: errs = 269735.8, delta_errs = 1053.7697, loss = 437855.38, delta_loss = 595.7233, learn_rate = 0.005
[DEBUG] 2015-04-12 12:47:39,264 -- RegSVD fold [3] iter 25: errs = 282436.66, delta_errs = 1800.6444, loss = 445352.28, delta_loss = 1091.3616, learn_rate = 0.005
[DEBUG] 2015-04-12 12:47:39,272 -- RegSVD fold [2] iter 30: errs = 275737.72, delta_errs = 1327.4059, loss = 441226.8, delta_loss = 776.21295, learn_rate = 0.005
[DEBUG] 2015-04-12 12:47:39,288 -- RegSVD fold [5] iter 21: errs = 290367.22, delta_errs = 2169.9338, loss = 450151.47, delta_loss = 1402.0696, learn_rate = 0.005
[DEBUG] 2015-04-12 12:47:39,317 -- RegSVD fold [4] iter 22: errs = 289154.28, delta_errs = 2017.9038, loss = 449266.66, delta_loss = 1283.5762, learn_rate = 0.005
[DEBUG] 2015-04-12 12:47:39,326 -- RegSVD fold [1] iter 37: errs = 268735.6, delta_errs = 1000.22107, loss = 437292.6, delta_loss = 562.7839, learn_rate = 0.005
[DEBUG] 2015-04-12 12:47:39,399 -- RegSVD fold [5] iter 22: errs = 288313.1, delta_errs = 2054.1282, loss = 448843.34, delta_loss = 1308.1112, learn_rate = 0.005
[DEBUG] 2015-04-12 12:47:39,405 -- RegSVD fold [3] iter 26: errs = 280742.25, delta_errs = 1694.4296, loss = 444334.53, delta_loss = 1017.7375, learn_rate = 0.005
[DEBUG] 2015-04-12 12:47:39,405 -- RegSVD fold [2] iter 31: errs = 274458.66, delta_errs = 1279.0663, loss = 440486.25, delta_loss = 740.59015, learn_rate = 0.005
[DEBUG] 2015-04-12 12:47:39,438 -- RegSVD fold [4] iter 23: errs = 287239.97, delta_errs = 1914.3257, loss = 448065.28, delta_loss = 1201.3678, learn_rate = 0.005
[DEBUG] 2015-04-12 12:47:39,451 -- RegSVD fold [1] iter 38: errs = 267785.34, delta_errs = 950.24963, loss = 436760.28, delta_loss = 532.3153, learn_rate = 0.005
[DEBUG] 2015-04-12 12:47:39,522 -- RegSVD fold [5] iter 23: errs = 286365.0, delta_errs = 1948.0928, loss = 447620.22, delta_loss = 1223.1445, learn_rate = 0.005
[DEBUG] 2015-04-12 12:47:39,526 -- RegSVD fold [3] iter 27: errs = 279147.6, delta_errs = 1594.6301, loss = 443384.88, delta_loss = 949.66296, learn_rate = 0.005
[DEBUG] 2015-04-12 12:47:39,539 -- RegSVD fold [2] iter 32: errs = 273227.06, delta_errs = 1231.6079, loss = 439779.56, delta_loss = 706.67444, learn_rate = 0.005
[DEBUG] 2015-04-12 12:47:39,565 -- RegSVD fold [1] iter 39: errs = 266881.88, delta_errs = 903.4663, loss = 436256.25, delta_loss = 504.04776, learn_rate = 0.005
[DEBUG] 2015-04-12 12:47:39,574 -- RegSVD fold [4] iter 24: errs = 285419.44, delta_errs = 1820.5391, loss = 446937.6, delta_loss = 1127.7109, learn_rate = 0.005
[DEBUG] 2015-04-12 12:47:39,634 -- RegSVD fold [5] iter 24: errs = 284516.3, delta_errs = 1848.7051, loss = 446475.3, delta_loss = 1144.9003, learn_rate = 0.005
[DEBUG] 2015-04-12 12:47:39,636 -- RegSVD fold [3] iter 28: errs = 277645.72, delta_errs = 1501.8735, loss = 442497.66, delta_loss = 887.22516, learn_rate = 0.005
[DEBUG] 2015-04-12 12:47:39,658 -- RegSVD fold [2] iter 33: errs = 272042.34, delta_errs = 1184.6992, loss = 439105.38, delta_loss = 674.1912, learn_rate = 0.005
[DEBUG] 2015-04-12 12:47:39,680 -- RegSVD fold [1] iter 40: errs = 266022.34, delta_errs = 859.52783, loss = 435778.5, delta_loss = 477.74548, learn_rate = 0.005
[DEBUG] 2015-04-12 12:47:39,707 -- RegSVD fold [4] iter 25: errs = 283684.72, delta_errs = 1734.7112, loss = 445876.53, delta_loss = 1061.0396, learn_rate = 0.005
[DEBUG] 2015-04-12 12:47:39,746 -- RegSVD fold [5] iter 25: errs = 282762.66, delta_errs = 1753.6478, loss = 445403.44, delta_loss = 1071.8784, learn_rate = 0.005
[DEBUG] 2015-04-12 12:47:39,748 -- RegSVD fold [3] iter 29: errs = 276229.44, delta_errs = 1416.3066, loss = 441667.4, delta_loss = 830.2401, learn_rate = 0.005
[DEBUG] 2015-04-12 12:47:39,776 -- RegSVD fold [2] iter 34: errs = 270904.2, delta_errs = 1138.1703, loss = 438462.4, delta_loss = 642.9504, learn_rate = 0.005
[DEBUG] 2015-04-12 12:47:39,794 -- RegSVD fold [1] iter 41: errs = 265204.22, delta_errs = 818.1406, loss = 435325.28, delta_loss = 453.20474, learn_rate = 0.005
[DEBUG] 2015-04-12 12:47:39,857 -- RegSVD fold [5] iter 26: errs = 281100.84, delta_errs = 1661.802, loss = 444400.06, delta_loss = 1003.3661, learn_rate = 0.005
[DEBUG] 2015-04-12 12:47:39,858 -- RegSVD fold [3] iter 30: errs = 274891.75, delta_errs = 1337.6715, loss = 440889.1, delta_loss = 778.3289, learn_rate = 0.005
[DEBUG] 2015-04-12 12:47:39,861 -- RegSVD fold [4] iter 26: errs = 282029.78, delta_errs = 1654.9354, loss = 444876.56, delta_loss = 999.9826, learn_rate = 0.005
[DEBUG] 2015-04-12 12:47:39,904 -- RegSVD fold [2] iter 35: errs = 269812.22, delta_errs = 1091.9733, loss = 437849.6, delta_loss = 612.8279, learn_rate = 0.005
[DEBUG] 2015-04-12 12:47:39,906 -- RegSVD fold [1] iter 42: errs = 264425.16, delta_errs = 779.059, loss = 434895.03, delta_loss = 430.25113, learn_rate = 0.005
[DEBUG] 2015-04-12 12:47:39,967 -- RegSVD fold [5] iter 27: errs = 279527.78, delta_errs = 1573.0751, loss = 443460.88, delta_loss = 939.1861, learn_rate = 0.005
[DEBUG] 2015-04-12 12:47:39,997 -- RegSVD fold [3] iter 31: errs = 273626.3, delta_errs = 1265.4417, loss = 440158.06, delta_loss = 731.0112, learn_rate = 0.005
[DEBUG] 2015-04-12 12:47:40,019 -- RegSVD fold [1] iter 43: errs = 263683.06, delta_errs = 742.0808, loss = 434486.3, delta_loss = 408.736, learn_rate = 0.005
[DEBUG] 2015-04-12 12:47:40,026 -- RegSVD fold [4] iter 27: errs = 280450.16, delta_errs = 1579.6202, loss = 443933.1, delta_loss = 943.47235, learn_rate = 0.005
[DEBUG] 2015-04-12 12:47:40,046 -- RegSVD fold [2] iter 36: errs = 268766.06, delta_errs = 1046.152, loss = 437265.84, delta_loss = 583.7513, learn_rate = 0.005
[DEBUG] 2015-04-12 12:47:40,078 -- RegSVD fold [5] iter 28: errs = 278039.8, delta_errs = 1487.9581, loss = 442581.5, delta_loss = 879.3872, learn_rate = 0.005
[DEBUG] 2015-04-12 12:47:40,105 -- RegSVD fold [3] iter 32: errs = 272427.34, delta_errs = 1198.9598, loss = 439470.28, delta_loss = 687.78186, learn_rate = 0.005
[DEBUG] 2015-04-12 12:47:40,133 -- RegSVD fold [1] iter 44: errs = 262976.03, delta_errs = 707.04126, loss = 434097.78, delta_loss = 388.53287, learn_rate = 0.005
[DEBUG] 2015-04-12 12:47:40,158 -- RegSVD fold [4] iter 28: errs = 278942.56, delta_errs = 1507.6118, loss = 443042.34, delta_loss = 890.72986, learn_rate = 0.005
[DEBUG] 2015-04-12 12:47:40,183 -- RegSVD fold [2] iter 37: errs = 267765.25, delta_errs = 1000.8165, loss = 436710.16, delta_loss = 555.68823, learn_rate = 0.005
[DEBUG] 2015-04-12 12:47:40,189 -- RegSVD fold [5] iter 29: errs = 276632.72, delta_errs = 1407.0864, loss = 441757.47, delta_loss = 824.0156, learn_rate = 0.005
[DEBUG] 2015-04-12 12:47:40,217 -- RegSVD fold [3] iter 33: errs = 271289.8, delta_errs = 1137.5455, loss = 438822.12, delta_loss = 648.16, learn_rate = 0.005
[DEBUG] 2015-04-12 12:47:40,247 -- RegSVD fold [1] iter 45: errs = 262302.22, delta_errs = 673.80634, loss = 433728.25, delta_loss = 369.53394, learn_rate = 0.005
[DEBUG] 2015-04-12 12:47:40,276 -- RegSVD fold [4] iter 29: errs = 277504.38, delta_errs = 1438.1709, loss = 442201.16, delta_loss = 841.2085, learn_rate = 0.005
[DEBUG] 2015-04-12 12:47:40,300 -- RegSVD fold [5] iter 30: errs = 275301.78, delta_errs = 1330.9498, loss = 440984.47, delta_loss = 773.00525, learn_rate = 0.005
[DEBUG] 2015-04-12 12:47:40,328 -- RegSVD fold [3] iter 34: errs = 270209.25, delta_errs = 1080.5605, loss = 438210.44, delta_loss = 611.7122, learn_rate = 0.005
[DEBUG] 2015-04-12 12:47:40,336 -- RegSVD fold [2] iter 38: errs = 266809.12, delta_errs = 956.1237, loss = 436181.53, delta_loss = 528.6353, learn_rate = 0.005
[DEBUG] 2015-04-12 12:47:40,360 -- RegSVD fold [1] iter 46: errs = 261659.95, delta_errs = 642.2665, loss = 433376.6, delta_loss = 351.6466, learn_rate = 0.005
[DEBUG] 2015-04-12 12:47:40,394 -- RegSVD fold [4] iter 30: errs = 276133.5, delta_errs = 1370.8928, loss = 441406.62, delta_loss = 794.53455, learn_rate = 0.005
[DEBUG] 2015-04-12 12:47:40,412 -- RegSVD fold [5] iter 31: errs = 274042.0, delta_errs = 1259.7726, loss = 440258.3, delta_loss = 726.16113, learn_rate = 0.005
[DEBUG] 2015-04-12 12:47:40,440 -- RegSVD fold [3] iter 35: errs = 269181.8, delta_errs = 1027.4398, loss = 437632.38, delta_loss = 578.05963, learn_rate = 0.005
[DEBUG] 2015-04-12 12:47:40,470 -- RegSVD fold [2] iter 39: errs = 265896.88, delta_errs = 912.2572, loss = 435678.9, delta_loss = 502.60764, learn_rate = 0.005
[DEBUG] 2015-04-12 12:47:40,474 -- RegSVD fold [1] iter 47: errs = 261047.62, delta_errs = 612.33057, loss = 433041.8, delta_loss = 334.79074, learn_rate = 0.005
[DEBUG] 2015-04-12 12:47:40,507 -- RegSVD fold [4] iter 31: errs = 274827.88, delta_errs = 1305.6162, loss = 440656.16, delta_loss = 750.4569, learn_rate = 0.005
[DEBUG] 2015-04-12 12:47:40,523 -- RegSVD fold [5] iter 32: errs = 272848.5, delta_errs = 1193.5166, loss = 439575.12, delta_loss = 683.1917, learn_rate = 0.005
[DEBUG] 2015-04-12 12:47:40,553 -- RegSVD fold [3] iter 36: errs = 268204.1, delta_errs = 977.69965, loss = 437085.5, delta_loss = 546.8755, learn_rate = 0.005
[DEBUG] 2015-04-12 12:47:40,587 -- RegSVD fold [1] iter 48: errs = 260463.7, delta_errs = 583.9208, loss = 432722.9, delta_loss = 318.896, learn_rate = 0.005
[DEBUG] 2015-04-12 12:47:40,619 -- RegSVD fold [4] iter 32: errs = 273585.53, delta_errs = 1242.3417, loss = 439947.34, delta_loss = 708.8074, learn_rate = 0.005
[DEBUG] 2015-04-12 12:47:40,628 -- RegSVD fold [2] iter 40: errs = 265027.47, delta_errs = 869.41064, loss = 435201.28, delta_loss = 477.62915, learn_rate = 0.005
[DEBUG] 2015-04-12 12:47:40,635 -- RegSVD fold [5] iter 33: errs = 271716.53, delta_errs = 1131.945, loss = 438931.38, delta_loss = 643.75385, learn_rate = 0.005
[DEBUG] 2015-04-12 12:47:40,665 -- RegSVD fold [3] iter 37: errs = 267273.2, delta_errs = 930.9336, loss = 436567.6, delta_loss = 517.87976, learn_rate = 0.005
[DEBUG] 2015-04-12 12:47:40,717 -- RegSVD fold [1] iter 49: errs = 259906.73, delta_errs = 556.96844, loss = 432419.0, delta_loss = 303.8999, learn_rate = 0.005
[DEBUG] 2015-04-12 12:47:40,733 -- RegSVD fold [4] iter 33: errs = 272404.38, delta_errs = 1181.1642, loss = 439277.88, delta_loss = 669.47015, learn_rate = 0.005
[DEBUG] 2015-04-12 12:47:40,745 -- RegSVD fold [5] iter 34: errs = 270641.84, delta_errs = 1074.7007, loss = 438323.88, delta_loss = 607.491, learn_rate = 0.005
[DEBUG] 2015-04-12 12:47:40,778 -- RegSVD fold [3] iter 38: errs = 266386.38, delta_errs = 886.8039, loss = 436076.78, delta_loss = 490.83392, learn_rate = 0.005
[DEBUG] 2015-04-12 12:47:40,779 -- RegSVD fold [2] iter 41: errs = 264199.7, delta_errs = 827.77167, loss = 434747.56, delta_loss = 453.72455, learn_rate = 0.005
[DEBUG] 2015-04-12 12:47:40,832 -- RegSVD fold [1] iter 50: errs = 259375.33, delta_errs = 531.41077, loss = 432129.25, delta_loss = 289.74606, learn_rate = 0.005
[DEBUG] 2015-04-12 12:47:40,845 -- RegSVD fold [4] iter 34: errs = 271282.16, delta_errs = 1122.2202, loss = 438645.53, delta_loss = 632.359, learn_rate = 0.005
[DEBUG] 2015-04-12 12:47:40,857 -- RegSVD fold [5] iter 35: errs = 269620.47, delta_errs = 1021.3742, loss = 437749.8, delta_loss = 574.05945, learn_rate = 0.005
[DEBUG] 2015-04-12 12:47:40,890 -- RegSVD fold [3] iter 39: errs = 265541.34, delta_errs = 845.033, loss = 435611.25, delta_loss = 465.53574, learn_rate = 0.005
[DEBUG] 2015-04-12 12:47:40,936 -- RegSVD fold [2] iter 42: errs = 263412.2, delta_errs = 787.5096, loss = 434316.66, delta_loss = 430.9132, learn_rate = 0.005
[DEBUG] 2015-04-12 12:47:40,945 -- RegSVD fold [1] iter 51: errs = 258868.14, delta_errs = 507.18842, loss = 431852.88, delta_loss = 276.3829, learn_rate = 0.005
[DEBUG] 2015-04-12 12:47:40,967 -- RegSVD fold [5] iter 36: errs = 268648.9, delta_errs = 971.5519, loss = 437206.66, delta_loss = 543.1424, learn_rate = 0.005
[DEBUG] 2015-04-12 12:47:40,978 -- RegSVD fold [4] iter 35: errs = 270216.5, delta_errs = 1065.6503, loss = 438048.12, delta_loss = 597.4008, learn_rate = 0.005
[DEBUG] 2015-04-12 12:47:41,034 -- RegSVD fold [3] iter 40: errs = 264735.94, delta_errs = 805.3954, loss = 435169.44, delta_loss = 441.815, learn_rate = 0.005
[DEBUG] 2015-04-12 12:47:41,054 -- RegSVD fold [2] iter 43: errs = 262663.4, delta_errs = 748.7662, loss = 433907.44, delta_loss = 409.20514, learn_rate = 0.005
[DEBUG] 2015-04-12 12:47:41,059 -- RegSVD fold [1] iter 52: errs = 258383.89, delta_errs = 484.244, loss = 431589.12, delta_loss = 263.76297, learn_rate = 0.005
[DEBUG] 2015-04-12 12:47:41,078 -- RegSVD fold [5] iter 37: errs = 267724.06, delta_errs = 924.8456, loss = 436692.22, delta_loss = 514.457, learn_rate = 0.005
[DEBUG] 2015-04-12 12:47:41,130 -- RegSVD fold [4] iter 36: errs = 269204.94, delta_errs = 1011.5724, loss = 437483.6, delta_loss = 564.5243, learn_rate = 0.005
[DEBUG] 2015-04-12 12:47:41,161 -- RegSVD fold [2] iter 44: errs = 261951.75, delta_errs = 711.6506, loss = 433518.84, delta_loss = 388.59906, learn_rate = 0.005
[DEBUG] 2015-04-12 12:47:41,170 -- RegSVD fold [3] iter 41: errs = 263968.22, delta_errs = 767.7106, loss = 434749.9, delta_loss = 419.5292, learn_rate = 0.005
[DEBUG] 2015-04-12 12:47:41,172 -- RegSVD fold [1] iter 53: errs = 257921.38, delta_errs = 462.52106, loss = 431337.28, delta_loss = 251.8419, learn_rate = 0.005
[DEBUG] 2015-04-12 12:47:41,189 -- RegSVD fold [5] iter 38: errs = 266843.16, delta_errs = 880.9086, loss = 436204.47, delta_loss = 487.75528, learn_rate = 0.005
[DEBUG] 2015-04-12 12:47:41,271 -- RegSVD fold [2] iter 45: errs = 261275.52, delta_errs = 676.23706, loss = 433149.75, delta_loss = 369.0823, learn_rate = 0.005
[DEBUG] 2015-04-12 12:47:41,281 -- RegSVD fold [4] iter 37: errs = 268244.84, delta_errs = 960.06757, loss = 436949.94, delta_loss = 533.6537, learn_rate = 0.005
[DEBUG] 2015-04-12 12:47:41,287 -- RegSVD fold [1] iter 54: errs = 257479.4, delta_errs = 441.9637, loss = 431096.7, delta_loss = 240.57828, learn_rate = 0.005
[DEBUG] 2015-04-12 12:47:41,300 -- RegSVD fold [5] iter 39: errs = 266003.72, delta_errs = 839.4422, loss = 435741.62, delta_loss = 462.82382, learn_rate = 0.005
[DEBUG] 2015-04-12 12:47:41,304 -- RegSVD fold [3] iter 42: errs = 263236.4, delta_errs = 731.8363, loss = 434351.34, delta_loss = 398.55963, learn_rate = 0.005
[DEBUG] 2015-04-12 12:47:41,381 -- RegSVD fold [2] iter 46: errs = 260632.95, delta_errs = 642.56635, loss = 432799.12, delta_loss = 350.63165, learn_rate = 0.005
[DEBUG] 2015-04-12 12:47:41,399 -- RegSVD fold [1] iter 55: errs = 257056.89, delta_errs = 422.51645, loss = 430866.75, delta_loss = 229.9331, learn_rate = 0.005
[DEBUG] 2015-04-12 12:47:41,410 -- RegSVD fold [5] iter 40: errs = 265203.53, delta_errs = 800.1955, loss = 435302.16, delta_loss = 439.48083, learn_rate = 0.005
[DEBUG] 2015-04-12 12:47:41,428 -- RegSVD fold [4] iter 38: errs = 267333.7, delta_errs = 911.1742, loss = 436445.25, delta_loss = 504.7062, learn_rate = 0.005
[DEBUG] 2015-04-12 12:47:41,454 -- RegSVD fold [3] iter 43: errs = 262538.72, delta_errs = 697.662, loss = 433972.53, delta_loss = 378.80698, learn_rate = 0.005
[DEBUG] 2015-04-12 12:47:41,512 -- RegSVD fold [1] iter 56: errs = 256652.77, delta_errs = 404.1241, loss = 430646.88, delta_loss = 219.86967, learn_rate = 0.005
[DEBUG] 2015-04-12 12:47:41,521 -- RegSVD fold [5] iter 41: errs = 264440.56, delta_errs = 762.96295, loss = 434884.56, delta_loss = 417.573, learn_rate = 0.005
[DEBUG] 2015-04-12 12:47:41,521 -- RegSVD fold [2] iter 47: errs = 260022.3, delta_errs = 610.6483, loss = 432465.9, delta_loss = 333.21484, learn_rate = 0.005
[DEBUG] 2015-04-12 12:47:41,543 -- RegSVD fold [4] iter 39: errs = 266468.78, delta_errs = 864.88873, loss = 435967.66, delta_loss = 477.59225, learn_rate = 0.005
[DEBUG] 2015-04-12 12:47:41,566 -- RegSVD fold [3] iter 44: errs = 261873.62, delta_errs = 665.1018, loss = 433612.34, delta_loss = 360.18744, learn_rate = 0.005
[DEBUG] 2015-04-12 12:47:41,626 -- RegSVD fold [1] iter 57: errs = 256266.03, delta_errs = 386.73245, loss = 430436.53, delta_loss = 210.35336, learn_rate = 0.005
[DEBUG] 2015-04-12 12:47:41,633 -- RegSVD fold [5] iter 42: errs = 263712.97, delta_errs = 727.57947, loss = 434487.6, delta_loss = 396.97202, learn_rate = 0.005
[DEBUG] 2015-04-12 12:47:41,658 -- RegSVD fold [4] iter 40: errs = 265647.62, delta_errs = 821.1711, loss = 435515.44, delta_loss = 452.21698, learn_rate = 0.005
[DEBUG] 2015-04-12 12:47:41,664 -- RegSVD fold [2] iter 48: errs = 259441.84, delta_errs = 580.46674, loss = 432149.12, delta_loss = 316.79276, learn_rate = 0.005
[DEBUG] 2015-04-12 12:47:41,679 -- RegSVD fold [3] iter 45: errs = 261239.55, delta_errs = 634.08856, loss = 433269.72, delta_loss = 342.6291, learn_rate = 0.005
[DEBUG] 2015-04-12 12:47:41,740 -- RegSVD fold [1] iter 58: errs = 255895.75, delta_errs = 370.2881, loss = 430235.2, delta_loss = 201.35153, learn_rate = 0.005
[DEBUG] 2015-04-12 12:47:41,744 -- RegSVD fold [5] iter 43: errs = 263019.06, delta_errs = 693.91455, loss = 434110.03, delta_loss = 377.57074, learn_rate = 0.005
[DEBUG] 2015-04-12 12:47:41,774 -- RegSVD fold [4] iter 41: errs = 264867.66, delta_errs = 779.952, loss = 435086.94, delta_loss = 428.48245, learn_rate = 0.005
[DEBUG] 2015-04-12 12:47:41,791 -- RegSVD fold [3] iter 46: errs = 260634.97, delta_errs = 604.5673, loss = 432943.66, delta_loss = 326.0688, learn_rate = 0.005
[DEBUG] 2015-04-12 12:47:41,793 -- RegSVD fold [2] iter 49: errs = 258889.86, delta_errs = 551.9835, loss = 431847.78, delta_loss = 301.32114, learn_rate = 0.005
[DEBUG] 2015-04-12 12:47:41,854 -- RegSVD fold [1] iter 59: errs = 255541.02, delta_errs = 354.73904, loss = 430042.34, delta_loss = 192.83342, learn_rate = 0.005
[DEBUG] 2015-04-12 12:47:41,856 -- RegSVD fold [5] iter 44: errs = 262357.22, delta_errs = 661.8657, loss = 433750.75, delta_loss = 359.2794, learn_rate = 0.005
[DEBUG] 2015-04-12 12:47:41,888 -- RegSVD fold [4] iter 42: errs = 264126.53, delta_errs = 741.1406, loss = 434680.66, delta_loss = 406.2901, learn_rate = 0.005
[DEBUG] 2015-04-12 12:47:41,903 -- RegSVD fold [3] iter 47: errs = 260058.48, delta_errs = 576.4908, loss = 432633.2, delta_loss = 310.44952, learn_rate = 0.005
[DEBUG] 2015-04-12 12:47:41,963 -- RegSVD fold [2] iter 50: errs = 258364.7, delta_errs = 525.1441, loss = 431561.03, delta_loss = 286.7526, learn_rate = 0.005
[DEBUG] 2015-04-12 12:47:41,966 -- RegSVD fold [5] iter 45: errs = 261725.84, delta_errs = 631.3525, loss = 433408.72, delta_loss = 342.02203, learn_rate = 0.005
[DEBUG] 2015-04-12 12:47:41,968 -- RegSVD fold [1] iter 60: errs = 255200.97, delta_errs = 340.03488, loss = 429857.6, delta_loss = 184.77003, learn_rate = 0.005
[DEBUG] 2015-04-12 12:47:42,003 -- RegSVD fold [4] iter 43: errs = 263421.9, delta_errs = 704.6315, loss = 434295.12, delta_loss = 385.54248, learn_rate = 0.005
[DEBUG] 2015-04-12 12:47:42,016 -- RegSVD fold [3] iter 48: errs = 259508.67, delta_errs = 549.815, loss = 432337.47, delta_loss = 295.71872, learn_rate = 0.005
[DEBUG] 2015-04-12 12:47:42,077 -- RegSVD fold [5] iter 46: errs = 261123.55, delta_errs = 602.3101, loss = 433083.0, delta_loss = 325.73328, learn_rate = 0.005
[DEBUG] 2015-04-12 12:47:42,081 -- RegSVD fold [1] iter 61: errs = 254874.84, delta_errs = 326.12698, loss = 429680.44, delta_loss = 177.13414, learn_rate = 0.005
[DEBUG] 2015-04-12 12:47:42,113 -- RegSVD fold [2] iter 51: errs = 257864.83, delta_errs = 499.88162, loss = 431288.0, delta_loss = 273.03818, learn_rate = 0.005
[DEBUG] 2015-04-12 12:47:42,116 -- RegSVD fold [4] iter 44: errs = 262751.6, delta_errs = 670.3106, loss = 433928.97, delta_loss = 366.14474, learn_rate = 0.005
[DEBUG] 2015-04-12 12:47:42,128 -- RegSVD fold [3] iter 49: errs = 258984.17, delta_errs = 524.4967, loss = 432055.66, delta_loss = 281.82687, learn_rate = 0.005
[DEBUG] 2015-04-12 12:47:42,189 -- RegSVD fold [5] iter 47: errs = 260548.86, delta_errs = 574.6845, loss = 432772.66, delta_loss = 310.35562, learn_rate = 0.005
[DEBUG] 2015-04-12 12:47:42,194 -- RegSVD fold [1] iter 62: errs = 254561.88, delta_errs = 312.96878, loss = 429510.56, delta_loss = 169.90009, learn_rate = 0.005
[DEBUG] 2015-04-12 12:47:42,228 -- RegSVD fold [4] iter 45: errs = 262113.53, delta_errs = 638.06, loss = 433580.97, delta_loss = 348.00574, learn_rate = 0.005
[DEBUG] 2015-04-12 12:47:42,241 -- RegSVD fold [3] iter 50: errs = 258483.67, delta_errs = 500.4912, loss = 431786.9, delta_loss = 268.7268, learn_rate = 0.005
[DEBUG] 2015-04-12 12:47:42,260 -- RegSVD fold [2] iter 52: errs = 257388.7, delta_errs = 476.12106, loss = 431027.88, delta_loss = 260.12845, learn_rate = 0.005
[DEBUG] 2015-04-12 12:47:42,300 -- RegSVD fold [5] iter 48: errs = 260000.42, delta_errs = 548.42773, loss = 432476.8, delta_loss = 295.8372, learn_rate = 0.005
[DEBUG] 2015-04-12 12:47:42,308 -- RegSVD fold [1] iter 63: errs = 254261.36, delta_errs = 300.51575, loss = 429347.5, delta_loss = 163.04381, learn_rate = 0.005
[DEBUG] 2015-04-12 12:47:42,340 -- RegSVD fold [4] iter 46: errs = 261505.77, delta_errs = 607.7611, loss = 433249.94, delta_loss = 331.03848, learn_rate = 0.005
[DEBUG] 2015-04-12 12:47:42,353 -- RegSVD fold [3] iter 51: errs = 258005.92, delta_errs = 477.75177, loss = 431530.56, delta_loss = 256.37317, learn_rate = 0.005
[DEBUG] 2015-04-12 12:47:42,406 -- RegSVD fold [2] iter 53: errs = 256934.92, delta_errs = 453.78268, loss = 430779.9, delta_loss = 247.97475, learn_rate = 0.005
[DEBUG] 2015-04-12 12:47:42,411 -- RegSVD fold [5] iter 49: errs = 259476.94, delta_errs = 523.4947, loss = 432194.7, delta_loss = 282.1302, learn_rate = 0.005
[DEBUG] 2015-04-12 12:47:42,422 -- RegSVD fold [1] iter 64: errs = 253972.64, delta_errs = 288.7256, loss = 429190.97, delta_loss = 156.54271, learn_rate = 0.005
[DEBUG] 2015-04-12 12:47:42,453 -- RegSVD fold [4] iter 47: errs = 260926.47, delta_errs = 579.29706, loss = 432934.75, delta_loss = 315.1607, learn_rate = 0.005
[DEBUG] 2015-04-12 12:47:42,465 -- RegSVD fold [3] iter 52: errs = 257549.7, delta_errs = 456.22894, loss = 431285.8, delta_loss = 244.72243, learn_rate = 0.005
[DEBUG] 2015-04-12 12:47:42,523 -- RegSVD fold [2] iter 54: errs = 256502.14, delta_errs = 432.78464, loss = 430543.38, delta_loss = 236.52972, learn_rate = 0.005
[DEBUG] 2015-04-12 12:47:42,527 -- RegSVD fold [5] iter 50: errs = 258977.1, delta_errs = 499.8407, loss = 431925.5, delta_loss = 269.1897, learn_rate = 0.005
[DEBUG] 2015-04-12 12:47:42,564 -- RegSVD fold [4] iter 48: errs = 260373.92, delta_errs = 552.55457, loss = 432634.47, delta_loss = 300.29492, learn_rate = 0.005
[DEBUG] 2015-04-12 12:47:42,575 -- RegSVD fold [3] iter 53: errs = 257113.83, delta_errs = 435.87103, loss = 431052.1, delta_loss = 233.73265, learn_rate = 0.005
[DEBUG] 2015-04-12 12:47:42,587 -- RegSVD fold [1] iter 65: errs = 253695.08, delta_errs = 277.55823, loss = 429040.6, delta_loss = 150.3756, learn_rate = 0.005
[DEBUG] 2015-04-12 12:47:42,636 -- RegSVD fold [2] iter 55: errs = 256089.1, delta_errs = 413.04514, loss = 430317.62, delta_loss = 225.74791, learn_rate = 0.005
[DEBUG] 2015-04-12 12:47:42,639 -- RegSVD fold [5] iter 51: errs = 258499.67, delta_errs = 477.42017, loss = 431668.5, delta_loss = 256.9731, learn_rate = 0.005
[DEBUG] 2015-04-12 12:47:42,676 -- RegSVD fold [4] iter 49: errs = 259846.48, delta_errs = 527.4246, loss = 432348.1, delta_loss = 286.3684, learn_rate = 0.005
[DEBUG] 2015-04-12 12:47:42,686 -- RegSVD fold [3] iter 54: errs = 256697.2, delta_errs = 416.6246, loss = 430828.72, delta_loss = 223.3637, learn_rate = 0.005
[DEBUG] 2015-04-12 12:47:42,723 -- RegSVD fold [1] iter 66: errs = 253428.11, delta_errs = 266.97583, loss = 428896.06, delta_loss = 144.52258, learn_rate = 0.005
[DEBUG] 2015-04-12 12:47:42,750 -- RegSVD fold [2] iter 56: errs = 255694.61, delta_errs = 394.48395, loss = 430102.03, delta_loss = 215.58612, learn_rate = 0.005
[DEBUG] 2015-04-12 12:47:42,751 -- RegSVD fold [5] iter 52: errs = 258043.48, delta_errs = 456.18567, loss = 431423.06, delta_loss = 245.43956, learn_rate = 0.005
[DEBUG] 2015-04-12 12:47:42,788 -- RegSVD fold [4] iter 50: errs = 259342.69, delta_errs = 503.8033, loss = 432074.78, delta_loss = 273.3133, learn_rate = 0.005
[DEBUG] 2015-04-12 12:47:42,798 -- RegSVD fold [3] iter 55: errs = 256298.77, delta_errs = 398.43512, loss = 430615.16, delta_loss = 213.57721, learn_rate = 0.005
[DEBUG] 2015-04-12 12:47:42,844 -- RegSVD fold [1] iter 67: errs = 253171.16, delta_errs = 256.94275, loss = 428757.1, delta_loss = 138.96506, learn_rate = 0.005
[DEBUG] 2015-04-12 12:47:42,864 -- RegSVD fold [5] iter 53: errs = 257607.4, delta_errs = 436.0881, loss = 431188.53, delta_loss = 234.54984, learn_rate = 0.005
[DEBUG] 2015-04-12 12:47:42,865 -- RegSVD fold [2] iter 57: errs = 255317.6, delta_errs = 377.02368, loss = 429896.03, delta_loss = 206.00351, learn_rate = 0.005
[DEBUG] 2015-04-12 12:47:42,901 -- RegSVD fold [4] iter 51: errs = 258861.1, delta_errs = 481.5921, loss = 431813.72, delta_loss = 261.06628, learn_rate = 0.005
[DEBUG] 2015-04-12 12:47:42,910 -- RegSVD fold [3] iter 56: errs = 255917.52, delta_errs = 381.24768, loss = 430410.8, delta_loss = 204.33679, learn_rate = 0.005
[DEBUG] 2015-04-12 12:47:42,975 -- RegSVD fold [5] iter 54: errs = 257190.33, delta_errs = 417.07663, loss = 430964.25, delta_loss = 224.26634, learn_rate = 0.005
[DEBUG] 2015-04-12 12:47:43,006 -- RegSVD fold [2] iter 58: errs = 254957.0, delta_errs = 360.59042, loss = 429699.06, delta_loss = 196.96176, learn_rate = 0.005
[DEBUG] 2015-04-12 12:47:43,011 -- RegSVD fold [4] iter 52: errs = 258400.39, delta_errs = 460.69785, loss = 431564.16, delta_loss = 249.56862, learn_rate = 0.005
[DEBUG] 2015-04-12 12:47:43,028 -- RegSVD fold [1] iter 68: errs = 252923.73, delta_errs = 247.42542, loss = 428623.4, delta_loss = 133.68558, learn_rate = 0.005
[DEBUG] 2015-04-12 12:47:43,045 -- RegSVD fold [3] iter 57: errs = 255552.52, delta_errs = 365.00766, loss = 430215.22, delta_loss = 195.60797, learn_rate = 0.005
[DEBUG] 2015-04-12 12:47:43,086 -- RegSVD fold [5] iter 55: errs = 256791.22, delta_errs = 399.0995, loss = 430749.72, delta_loss = 214.55304, learn_rate = 0.005
[DEBUG] 2015-04-12 12:47:43,123 -- RegSVD fold [4] iter 53: errs = 257959.36, delta_errs = 441.03287, loss = 431325.38, delta_loss = 238.76572, learn_rate = 0.005
[DEBUG] 2015-04-12 12:47:43,131 -- RegSVD fold [2] iter 59: errs = 254611.88, delta_errs = 345.1142, loss = 429510.66, delta_loss = 188.42502, learn_rate = 0.005
[DEBUG] 2015-04-12 12:47:43,150 -- RegSVD fold [1] iter 69: errs = 252685.34, delta_errs = 238.3924, loss = 428494.75, delta_loss = 128.66782, learn_rate = 0.005
[DEBUG] 2015-04-12 12:47:43,189 -- RegSVD fold [3] iter 58: errs = 255202.84, delta_errs = 349.6615, loss = 430027.84, delta_loss = 187.35825, learn_rate = 0.005
[DEBUG] 2015-04-12 12:47:43,198 -- RegSVD fold [5] iter 56: errs = 256409.12, delta_errs = 382.10434, loss = 430544.34, delta_loss = 205.3756, learn_rate = 0.005
[DEBUG] 2015-04-12 12:47:43,235 -- RegSVD fold [4] iter 54: errs = 257536.84, delta_errs = 422.51483, loss = 431096.78, delta_loss = 228.6071, learn_rate = 0.005
[DEBUG] 2015-04-12 12:47:43,242 -- RegSVD fold [2] iter 60: errs = 254281.36, delta_errs = 330.5293, loss = 429330.28, delta_loss = 180.35991, learn_rate = 0.005
[DEBUG] 2015-04-12 12:47:43,271 -- RegSVD fold [1] iter 70: errs = 252455.53, delta_errs = 229.81421, loss = 428370.84, delta_loss = 123.89646, learn_rate = 0.005
[DEBUG] 2015-04-12 12:47:43,311 -- RegSVD fold [5] iter 57: errs = 256043.08, delta_errs = 366.03903, loss = 430347.62, delta_loss = 196.70132, learn_rate = 0.005
[DEBUG] 2015-04-12 12:47:43,334 -- RegSVD fold [3] iter 59: errs = 254867.69, delta_errs = 335.15692, loss = 429848.28, delta_loss = 179.55708, learn_rate = 0.005
[DEBUG] 2015-04-12 12:47:43,348 -- RegSVD fold [4] iter 55: errs = 257131.78, delta_errs = 405.06662, loss = 430877.72, delta_loss = 219.04605, learn_rate = 0.005
[DEBUG] 2015-04-12 12:47:43,354 -- RegSVD fold [2] iter 61: errs = 253964.58, delta_errs = 316.77426, loss = 429157.56, delta_loss = 172.73535, learn_rate = 0.005
[DEBUG] 2015-04-12 12:47:43,384 -- RegSVD fold [1] iter 71: errs = 252233.86, delta_errs = 221.66327, loss = 428251.5, delta_loss = 119.3572, learn_rate = 0.005
[DEBUG] 2015-04-12 12:47:43,423 -- RegSVD fold [5] iter 58: errs = 255692.23, delta_errs = 350.85217, loss = 430159.12, delta_loss = 188.49928, learn_rate = 0.005
[DEBUG] 2015-04-12 12:47:43,459 -- RegSVD fold [4] iter 56: errs = 256743.17, delta_errs = 388.6161, loss = 430667.7, delta_loss = 210.03947, learn_rate = 0.005
[DEBUG] 2015-04-12 12:47:43,465 -- RegSVD fold [2] iter 62: errs = 253660.78, delta_errs = 303.79187, loss = 428992.03, delta_loss = 165.52254, learn_rate = 0.005
[DEBUG] 2015-04-12 12:47:43,489 -- RegSVD fold [3] iter 60: errs = 254546.25, delta_errs = 321.44366, loss = 429676.12, delta_loss = 172.17586, learn_rate = 0.005
[DEBUG] 2015-04-12 12:47:43,496 -- RegSVD fold [1] iter 72: errs = 252019.95, delta_errs = 213.91374, loss = 428136.47, delta_loss = 115.03664, learn_rate = 0.005
[DEBUG] 2015-04-12 12:47:43,534 -- RegSVD fold [5] iter 59: errs = 255355.73, delta_errs = 336.49353, loss = 429978.38, delta_loss = 180.74023, learn_rate = 0.005
[DEBUG] 2015-04-12 12:47:43,570 -- RegSVD fold [4] iter 57: errs = 256370.08, delta_errs = 373.0959, loss = 430466.16, delta_loss = 201.54762, learn_rate = 0.005
[DEBUG] 2015-04-12 12:47:43,605 -- RegSVD fold [2] iter 63: errs = 253369.25, delta_errs = 291.52902, loss = 428833.34, delta_loss = 158.6947, learn_rate = 0.005
[DEBUG] 2015-04-12 12:47:43,608 -- RegSVD fold [3] iter 61: errs = 254237.78, delta_errs = 308.47348, loss = 429510.94, delta_loss = 165.18785, learn_rate = 0.005
[DEBUG] 2015-04-12 12:47:43,627 -- RegSVD fold [1] iter 73: errs = 251813.4, delta_errs = 206.54153, loss = 428025.53, delta_loss = 110.922226, learn_rate = 0.005
[DEBUG] 2015-04-12 12:47:43,646 -- RegSVD fold [5] iter 60: errs = 255032.81, delta_errs = 322.91452, loss = 429805.0, delta_loss = 173.39665, learn_rate = 0.005
[DEBUG] 2015-04-12 12:47:43,682 -- RegSVD fold [4] iter 58: errs = 256011.62, delta_errs = 358.4432, loss = 430272.62, delta_loss = 193.53383, learn_rate = 0.005
[DEBUG] 2015-04-12 12:47:43,723 -- RegSVD fold [2] iter 64: errs = 253089.33, delta_errs = 279.93658, loss = 428681.1, delta_loss = 152.22707, learn_rate = 0.005
[DEBUG] 2015-04-12 12:47:43,743 -- RegSVD fold [1] iter 74: errs = 251613.89, delta_errs = 199.5241, loss = 427918.53, delta_loss = 107.00221, learn_rate = 0.005
[DEBUG] 2015-04-12 12:47:43,758 -- RegSVD fold [5] iter 61: errs = 254722.75, delta_errs = 310.06848, loss = 429638.56, delta_loss = 166.44267, learn_rate = 0.005
[DEBUG] 2015-04-12 12:47:43,759 -- RegSVD fold [3] iter 62: errs = 253941.58, delta_errs = 296.2005, loss = 429352.38, delta_loss = 158.5681, learn_rate = 0.005
[DEBUG] 2015-04-12 12:47:43,794 -- RegSVD fold [4] iter 59: errs = 255667.03, delta_errs = 344.59958, loss = 430086.66, delta_loss = 185.96436, learn_rate = 0.005
[DEBUG] 2015-04-12 12:47:43,835 -- RegSVD fold [2] iter 65: errs = 252820.36, delta_errs = 268.9691, loss = 428535.0, delta_loss = 146.09671, learn_rate = 0.005
[DEBUG] 2015-04-12 12:47:43,859 -- RegSVD fold [1] iter 75: errs = 251421.05, delta_errs = 192.84038, loss = 427815.25, delta_loss = 103.2656, learn_rate = 0.005
[DEBUG] 2015-04-12 12:47:43,861 -- RegSVD fold [1] evaluate test data ... 
[DEBUG] 2015-04-12 12:47:43,871 -- RegSVD fold [5] iter 62: errs = 254424.84, delta_errs = 297.91086, loss = 429478.7, delta_loss = 159.85408, learn_rate = 0.005
[DEBUG] 2015-04-12 12:47:43,893 -- RegSVD fold [3] iter 63: errs = 253657.0, delta_errs = 284.5813, loss = 429200.06, delta_loss = 152.29333, learn_rate = 0.005
[DEBUG] 2015-04-12 12:47:43,902 -- RegSVD fold [4] iter 60: errs = 255335.52, delta_errs = 331.51068, loss = 429907.84, delta_loss = 178.80812, learn_rate = 0.005
[DEBUG] 2015-04-12 12:47:43,977 -- RegSVD fold [5] iter 63: errs = 254138.44, delta_errs = 286.39932, loss = 429325.1, delta_loss = 153.60818, learn_rate = 0.005
[DEBUG] 2015-04-12 12:47:43,994 -- RegSVD fold [2] iter 66: errs = 252561.77, delta_errs = 258.58453, loss = 428394.72, delta_loss = 140.28233, learn_rate = 0.005
[DEBUG] 2015-04-12 12:47:44,004 -- RegSVD fold [4] iter 61: errs = 255016.39, delta_errs = 319.12595, loss = 429735.8, delta_loss = 172.03651, learn_rate = 0.005
[DEBUG] 2015-04-12 12:47:44,060 -- RegSVD fold [3] iter 64: errs = 253383.42, delta_errs = 273.57495, loss = 429053.72, delta_loss = 146.34193, learn_rate = 0.005
[DEBUG] 2015-04-12 12:47:44,109 -- RegSVD fold [4] iter 62: errs = 254709.0, delta_errs = 307.39847, loss = 429570.2, delta_loss = 165.62323, learn_rate = 0.005
[DEBUG] 2015-04-12 12:47:44,134 -- RegSVD fold [2] iter 67: errs = 252313.02, delta_errs = 248.74419, loss = 428259.97, delta_loss = 134.76424, learn_rate = 0.005
[DEBUG] 2015-04-12 12:47:44,149 -- RegSVD fold [5] iter 64: errs = 253862.95, delta_errs = 275.49393, loss = 429177.4, delta_loss = 147.68375, learn_rate = 0.005
[DEBUG] 2015-04-12 12:47:44,202 -- RegSVD fold [3] iter 65: errs = 253120.28, delta_errs = 263.14294, loss = 428913.03, delta_loss = 140.69376, learn_rate = 0.005
[DEBUG] 2015-04-12 12:47:44,213 -- RegSVD fold [4] iter 63: errs = 254412.7, delta_errs = 296.28473, loss = 429410.62, delta_loss = 159.54402, learn_rate = 0.005
[DEBUG] 2015-04-12 12:47:44,261 -- RegSVD fold [2] iter 68: errs = 252073.61, delta_errs = 239.41226, loss = 428130.44, delta_loss = 129.52415, learn_rate = 0.005
[DEBUG] 2015-04-12 12:47:44,274 -- RegSVD fold [5] iter 65: errs = 253597.8, delta_errs = 265.15698, loss = 429035.34, delta_loss = 142.06097, learn_rate = 0.005
[DEBUG] 2015-04-12 12:47:44,320 -- RegSVD fold [4] iter 64: errs = 254126.97, delta_errs = 285.7444, loss = 429256.84, delta_loss = 153.77657, learn_rate = 0.005
[DEBUG] 2015-04-12 12:47:44,334 -- RegSVD fold [3] iter 66: errs = 252867.03, delta_errs = 253.2493, loss = 428777.7, delta_loss = 135.33008, learn_rate = 0.005
[DEBUG] 2015-04-12 12:47:44,390 -- RegSVD fold [5] iter 66: errs = 253342.44, delta_errs = 255.3531, loss = 428898.62, delta_loss = 136.72137, learn_rate = 0.005
[DEBUG] 2015-04-12 12:47:44,425 -- RegSVD fold [4] iter 65: errs = 253851.22, delta_errs = 275.74005, loss = 429108.56, delta_loss = 148.3003, learn_rate = 0.005
[DEBUG] 2015-04-12 12:47:44,443 -- RegSVD fold [2] iter 69: errs = 251843.06, delta_errs = 230.55576, loss = 428005.9, delta_loss = 124.545135, learn_rate = 0.005
[DEBUG] 2015-04-12 12:47:44,483 -- RegSVD fold [3] iter 67: errs = 252623.17, delta_errs = 243.86029, loss = 428647.47, delta_loss = 130.23346, learn_rate = 0.005
[DEBUG] 2015-04-12 12:47:44,506 -- RegSVD fold [5] iter 67: errs = 253096.39, delta_errs = 246.04918, loss = 428766.97, delta_loss = 131.64769, learn_rate = 0.005
[DEBUG] 2015-04-12 12:47:44,530 -- RegSVD fold [4] iter 66: errs = 253584.98, delta_errs = 266.237, loss = 428965.47, delta_loss = 143.09625, learn_rate = 0.005
[DEBUG] 2015-04-12 12:47:44,561 -- RegSVD fold [2] iter 70: errs = 251620.9, delta_errs = 222.1442, loss = 427886.1, delta_loss = 119.81144, learn_rate = 0.005
[DEBUG] 2015-04-12 12:47:44,604 -- RegSVD fold [1] has writeen rating prediction to Results/RegSVD-prediction-1.txt
[DEBUG] 2015-04-12 12:47:44,619 -- RegSVD fold [5] iter 68: errs = 252859.17, delta_errs = 237.21419, loss = 428640.16, delta_loss = 126.82383, learn_rate = 0.005
[DEBUG] 2015-04-12 12:47:44,619 -- RegSVD fold [1]: 0.678736,0.861227,0.169684,0.416277	Time: 00:08, 00:00	View: all
[DEBUG] 2015-04-12 12:47:44,637 -- RegSVD fold [3] iter 68: errs = 252388.22, delta_errs = 234.94446, loss = 428522.1, delta_loss = 125.38775, learn_rate = 0.005
[DEBUG] 2015-04-12 12:47:44,642 -- RegSVD fold [4] iter 67: errs = 253327.78, delta_errs = 257.20316, loss = 428827.3, delta_loss = 138.14696, learn_rate = 0.005
[DEBUG] 2015-04-12 12:47:44,669 -- RegSVD fold [2] iter 71: errs = 251406.77, delta_errs = 214.14943, loss = 427770.78, delta_loss = 115.30846, learn_rate = 0.005
[DEBUG] 2015-04-12 12:47:44,731 -- RegSVD fold [5] iter 69: errs = 252630.36, delta_errs = 228.81918, loss = 428517.9, delta_loss = 122.234795, learn_rate = 0.005
[DEBUG] 2015-04-12 12:47:44,752 -- RegSVD fold [4] iter 68: errs = 253079.17, delta_errs = 248.6087, loss = 428693.88, delta_loss = 133.43628, learn_rate = 0.005
[DEBUG] 2015-04-12 12:47:44,761 -- RegSVD fold [3] iter 69: errs = 252161.75, delta_errs = 226.47253, loss = 428401.3, delta_loss = 120.777855, learn_rate = 0.005
[DEBUG] 2015-04-12 12:47:44,780 -- RegSVD fold [2] iter 72: errs = 251200.22, delta_errs = 206.54544, loss = 427659.75, delta_loss = 111.0226, learn_rate = 0.005
[DEBUG] 2015-04-12 12:47:44,841 -- RegSVD fold [5] iter 70: errs = 252409.52, delta_errs = 220.83713, loss = 428400.06, delta_loss = 117.866585, learn_rate = 0.005
[DEBUG] 2015-04-12 12:47:44,862 -- RegSVD fold [4] iter 69: errs = 252838.75, delta_errs = 240.42606, loss = 428564.94, delta_loss = 128.9493, learn_rate = 0.005
[DEBUG] 2015-04-12 12:47:44,871 -- RegSVD fold [3] iter 70: errs = 251943.33, delta_errs = 218.41719, loss = 428284.9, delta_loss = 116.38978, learn_rate = 0.005
[DEBUG] 2015-04-12 12:47:44,892 -- RegSVD fold [2] iter 73: errs = 251000.9, delta_errs = 199.30815, loss = 427552.8, delta_loss = 106.94121, learn_rate = 0.005
[DEBUG] 2015-04-12 12:47:44,953 -- RegSVD fold [5] iter 71: errs = 252196.28, delta_errs = 213.24283, loss = 428286.34, delta_loss = 113.706154, learn_rate = 0.005
[DEBUG] 2015-04-12 12:47:44,971 -- RegSVD fold [4] iter 70: errs = 252606.12, delta_errs = 232.62964, loss = 428440.25, delta_loss = 124.6722, learn_rate = 0.005
[DEBUG] 2015-04-12 12:47:44,982 -- RegSVD fold [3] iter 71: errs = 251732.58, delta_errs = 210.75302, loss = 428172.7, delta_loss = 112.21048, learn_rate = 0.005
[DEBUG] 2015-04-12 12:47:45,003 -- RegSVD fold [2] iter 74: errs = 250808.5, delta_errs = 192.4153, loss = 427449.75, delta_loss = 103.05252, learn_rate = 0.005
[DEBUG] 2015-04-12 12:47:45,065 -- RegSVD fold [5] iter 72: errs = 251990.27, delta_errs = 206.0128, loss = 428176.6, delta_loss = 109.741325, learn_rate = 0.005
[DEBUG] 2015-04-12 12:47:45,079 -- RegSVD fold [4] iter 71: errs = 252380.92, delta_errs = 225.19571, loss = 428319.66, delta_loss = 120.592255, learn_rate = 0.005
[DEBUG] 2015-04-12 12:47:45,102 -- RegSVD fold [3] iter 72: errs = 251529.12, delta_errs = 203.45642, loss = 428064.47, delta_loss = 108.227806, learn_rate = 0.005
[DEBUG] 2015-04-12 12:47:45,115 -- RegSVD fold [2] iter 75: errs = 250622.64, delta_errs = 185.84622, loss = 427350.4, delta_loss = 99.34555, learn_rate = 0.005
[DEBUG] 2015-04-12 12:47:45,115 -- RegSVD fold [2] evaluate test data ... 
[DEBUG] 2015-04-12 12:47:45,176 -- RegSVD fold [5] iter 73: errs = 251791.14, delta_errs = 199.12517, loss = 428070.62, delta_loss = 105.960754, learn_rate = 0.005
[DEBUG] 2015-04-12 12:47:45,183 -- RegSVD fold [4] iter 72: errs = 252162.83, delta_errs = 218.10226, loss = 428202.97, delta_loss = 116.697624, learn_rate = 0.005
[DEBUG] 2015-04-12 12:47:45,214 -- RegSVD fold [3] iter 73: errs = 251332.62, delta_errs = 196.50537, loss = 427960.03, delta_loss = 104.43046, learn_rate = 0.005
[DEBUG] 2015-04-12 12:47:45,285 -- RegSVD fold [4] iter 73: errs = 251951.5, delta_errs = 211.32884, loss = 428090.0, delta_loss = 112.97734, learn_rate = 0.005
[DEBUG] 2015-04-12 12:47:45,287 -- RegSVD fold [5] iter 74: errs = 251598.58, delta_errs = 192.55952, loss = 427968.28, delta_loss = 102.35383, learn_rate = 0.005
[DEBUG] 2015-04-12 12:47:45,327 -- RegSVD fold [3] iter 74: errs = 251142.73, delta_errs = 189.8794, loss = 427859.25, delta_loss = 100.80787, learn_rate = 0.005
[DEBUG] 2015-04-12 12:47:45,384 -- RegSVD fold [4] iter 74: errs = 251746.64, delta_errs = 204.85648, loss = 427980.56, delta_loss = 109.42122, learn_rate = 0.005
[DEBUG] 2015-04-12 12:47:45,399 -- RegSVD fold [5] iter 75: errs = 251412.28, delta_errs = 186.29689, loss = 427869.38, delta_loss = 98.91066, learn_rate = 0.005
[DEBUG] 2015-04-12 12:47:45,399 -- RegSVD fold [5] evaluate test data ... 
[DEBUG] 2015-04-12 12:47:45,437 -- RegSVD fold [3] iter 75: errs = 250959.19, delta_errs = 183.55948, loss = 427761.88, delta_loss = 97.35021, learn_rate = 0.005
[DEBUG] 2015-04-12 12:47:45,437 -- RegSVD fold [3] evaluate test data ... 
[DEBUG] 2015-04-12 12:47:45,484 -- RegSVD fold [4] iter 75: errs = 251547.97, delta_errs = 198.66753, loss = 427874.56, delta_loss = 106.019806, learn_rate = 0.005
[DEBUG] 2015-04-12 12:47:45,484 -- RegSVD fold [4] evaluate test data ... 
[DEBUG] 2015-04-12 12:47:45,506 -- RegSVD fold [2] has writeen rating prediction to Results/RegSVD-prediction-2.txt
[DEBUG] 2015-04-12 12:47:45,508 -- RegSVD fold [2]: 0.677163,0.859092,0.169291,0.416015	Time: 00:09, 00:00	View: all
[DEBUG] 2015-04-12 12:47:45,675 -- RegSVD fold [5] has writeen rating prediction to Results/RegSVD-prediction-5.txt
[DEBUG] 2015-04-12 12:47:45,677 -- RegSVD fold [5]: 0.678084,0.859562,0.169521,0.415569	Time: 00:08, 00:00	View: all
[DEBUG] 2015-04-12 12:47:45,710 -- RegSVD fold [3] has writeen rating prediction to Results/RegSVD-prediction-3.txt
[DEBUG] 2015-04-12 12:47:45,711 -- RegSVD fold [3]: 0.676772,0.857952,0.169193,0.414388	Time: 00:09, 00:00	View: all
[DEBUG] 2015-04-12 12:47:45,760 -- RegSVD fold [4] has writeen rating prediction to Results/RegSVD-prediction-4.txt
[DEBUG] 2015-04-12 12:47:45,761 -- RegSVD fold [4]: 0.678821,0.861440,0.169705,0.415760	Time: 00:09, 00:00	View: all
[INFO ] 2015-04-12 12:47:45,763 -- RegSVD,0.677915,0.859855,0.169479,0.415602,0.005,0.005,0.05,0.05,0.05,10,75,true,'00:09','00:00'
