[INFO ] 2015-04-09 10:17:27,991 -- Training: ...sk/hou/workspace/mldata/ratings.csv, kFold: 5 [Parallel]
[DEBUG] 2015-04-09 10:17:28,748 -- Dataset: {Users, Items, Ratings} = {706, 8552, 100023}, Scale = {0.5, 1.0, 1.5, 2.0, 2.5, 3.0, 3.5, 4.0, 4.5, 5.0}
[DEBUG] 2015-04-09 10:17:29,213 -- Fold [1]: training amount: 80018, test amount: 20005
[DEBUG] 2015-04-09 10:17:29,276 -- Fold [2]: training amount: 80018, test amount: 20005
[DEBUG] 2015-04-09 10:17:29,283 -- RegSVD: 0.005,-1.0,0.05,0.05,0.05,10,75,true
[DEBUG] 2015-04-09 10:17:29,327 -- Fold [3]: training amount: 80019, test amount: 20004
[DEBUG] 2015-04-09 10:17:29,338 -- RegSVD: 0.005,-1.0,0.05,0.05,0.05,10,75,true
[DEBUG] 2015-04-09 10:17:29,374 -- Fold [4]: training amount: 80018, test amount: 20005
[DEBUG] 2015-04-09 10:17:29,383 -- RegSVD: 0.005,-1.0,0.05,0.05,0.05,10,75,true
[DEBUG] 2015-04-09 10:17:29,443 -- RegSVD: 0.005,-1.0,0.05,0.05,0.05,10,75,true
[DEBUG] 2015-04-09 10:17:29,449 -- RegSVD fold [1] iter 1: errs = 533489.25, delta_errs = -533489.25, loss = 533878.5, delta_loss = -533878.5, learn_rate = 0.005
[DEBUG] 2015-04-09 10:17:29,453 -- RegSVD fold [3] iter 1: errs = 532418.6, delta_errs = -532418.6, loss = 532848.25, delta_loss = -532848.25, learn_rate = 0.005
[DEBUG] 2015-04-09 10:17:29,454 -- Fold [5]: training amount: 80019, test amount: 20004
[DEBUG] 2015-04-09 10:17:29,455 -- RegSVD fold [2] iter 1: errs = 532987.4, delta_errs = -532987.4, loss = 533414.3, delta_loss = -533414.3, learn_rate = 0.005
[DEBUG] 2015-04-09 10:17:29,459 -- RegSVD fold [4] iter 1: errs = 531852.4, delta_errs = -531852.4, loss = 532299.4, delta_loss = -532299.4, learn_rate = 0.005
[DEBUG] 2015-04-09 10:17:29,501 -- RegSVD: 0.005,-1.0,0.05,0.05,0.05,10,75,true
[DEBUG] 2015-04-09 10:17:29,521 -- RegSVD fold [5] iter 1: errs = 531774.25, delta_errs = -531774.25, loss = 532257.2, delta_loss = -532257.2, learn_rate = 0.005
[DEBUG] 2015-04-09 10:17:29,534 -- RegSVD fold [5] iter 2: errs = 476164.3, delta_errs = 55609.938, loss = 479512.28, delta_loss = 52744.89, learn_rate = 0.005
[DEBUG] 2015-04-09 10:17:29,546 -- RegSVD fold [5] iter 3: errs = 260913.98, delta_errs = 215250.33, loss = 272090.47, delta_loss = 207421.8, learn_rate = 0.00525
[DEBUG] 2015-04-09 10:17:29,559 -- RegSVD fold [5] iter 4: errs = 137350.75, delta_errs = 123563.24, loss = 152060.25, delta_loss = 120030.24, learn_rate = 0.0055124997
[DEBUG] 2015-04-09 10:17:29,566 -- RegSVD fold [4] iter 2: errs = 490462.47, delta_errs = 41389.91, loss = 493081.03, delta_loss = 39218.38, learn_rate = 0.005
[DEBUG] 2015-04-09 10:17:29,570 -- RegSVD fold [5] iter 5: errs = 93402.7, delta_errs = 43948.043, loss = 109374.01, delta_loss = 42686.24, learn_rate = 0.005788125
[DEBUG] 2015-04-09 10:17:29,571 -- RegSVD fold [3] iter 2: errs = 496320.06, delta_errs = 36098.59, loss = 498680.72, delta_loss = 34167.547, learn_rate = 0.005
[DEBUG] 2015-04-09 10:17:29,577 -- RegSVD fold [1] iter 2: errs = 523423.12, delta_errs = 10066.137, loss = 524346.9, delta_loss = 9531.623, learn_rate = 0.005
[DEBUG] 2015-04-09 10:17:29,580 -- RegSVD fold [2] iter 2: errs = 501110.38, delta_errs = 31876.969, loss = 503240.2, delta_loss = 30174.137, learn_rate = 0.005
[DEBUG] 2015-04-09 10:17:29,581 -- RegSVD fold [5] iter 6: errs = 72124.54, delta_errs = 21278.16, loss = 88766.68, delta_loss = 20607.328, learn_rate = 0.0060775313
[DEBUG] 2015-04-09 10:17:29,583 -- RegSVD fold [3] iter 3: errs = 292283.0, delta_errs = 204037.05, loss = 302555.84, delta_loss = 196124.89, learn_rate = 0.00525
[DEBUG] 2015-04-09 10:17:29,585 -- RegSVD fold [4] iter 3: errs = 283394.62, delta_errs = 207067.83, loss = 293871.44, delta_loss = 199209.58, learn_rate = 0.00525
[DEBUG] 2015-04-09 10:17:29,592 -- RegSVD fold [5] iter 7: errs = 59828.016, delta_errs = 12296.528, loss = 76908.57, delta_loss = 11858.107, learn_rate = 0.006381408
[DEBUG] 2015-04-09 10:17:29,594 -- RegSVD fold [3] iter 4: errs = 146394.05, delta_errs = 145888.95, loss = 160841.7, delta_loss = 141714.12, learn_rate = 0.0055124997
[DEBUG] 2015-04-09 10:17:29,598 -- RegSVD fold [2] iter 3: errs = 304489.4, delta_errs = 196620.98, loss = 314420.0, delta_loss = 188820.2, learn_rate = 0.00525
[DEBUG] 2015-04-09 10:17:29,603 -- RegSVD fold [5] iter 8: errs = 51945.812, delta_errs = 7882.2007, loss = 69341.51, delta_loss = 7567.0664, learn_rate = 0.006700478
[DEBUG] 2015-04-09 10:17:29,605 -- RegSVD fold [4] iter 4: errs = 143809.23, delta_errs = 139585.39, loss = 158300.84, delta_loss = 135570.6, learn_rate = 0.0055124997
[DEBUG] 2015-04-09 10:17:29,606 -- RegSVD fold [3] iter 5: errs = 96681.984, delta_errs = 49712.062, loss = 112567.09, delta_loss = 48274.613, learn_rate = 0.005788125
[DEBUG] 2015-04-09 10:17:29,609 -- RegSVD fold [1] iter 3: errs = 389880.75, delta_errs = 133542.38, loss = 397001.25, delta_loss = 127345.664, learn_rate = 0.00525
[DEBUG] 2015-04-09 10:17:29,614 -- RegSVD fold [5] iter 9: errs = 46525.332, delta_errs = 5420.4824, loss = 64157.387, delta_loss = 5184.117, learn_rate = 0.0070355018
[DEBUG] 2015-04-09 10:17:29,614 -- RegSVD fold [2] iter 4: errs = 150391.97, delta_errs = 154097.42, loss = 164772.5, delta_loss = 149647.5, learn_rate = 0.0055124997
[DEBUG] 2015-04-09 10:17:29,619 -- RegSVD fold [3] iter 6: errs = 73552.234, delta_errs = 23129.746, loss = 90183.055, delta_loss = 22384.033, learn_rate = 0.0060775313
[DEBUG] 2015-04-09 10:17:29,625 -- RegSVD fold [5] iter 10: errs = 42592.727, delta_errs = 3932.6035, loss = 60404.777, delta_loss = 3752.611, learn_rate = 0.007387277
[DEBUG] 2015-04-09 10:17:29,628 -- RegSVD fold [4] iter 5: errs = 96086.99, delta_errs = 47722.25, loss = 111931.016, delta_loss = 46369.83, learn_rate = 0.005788125
[DEBUG] 2015-04-09 10:17:29,629 -- RegSVD fold [1] iter 4: errs = 185130.0, delta_errs = 204750.75, loss = 198616.34, delta_loss = 198384.89, learn_rate = 0.0055124997
[DEBUG] 2015-04-09 10:17:29,631 -- RegSVD fold [2] iter 5: errs = 98071.08, delta_errs = 52320.895, loss = 113991.41, delta_loss = 50781.086, learn_rate = 0.005788125
[DEBUG] 2015-04-09 10:17:29,635 -- RegSVD fold [3] iter 7: errs = 60443.65, delta_errs = 13108.59, loss = 77573.664, delta_loss = 12609.397, learn_rate = 0.006381408
[DEBUG] 2015-04-09 10:17:29,636 -- RegSVD fold [5] iter 11: errs = 39609.664, delta_errs = 2983.0632, loss = 57559.34, delta_loss = 2845.4375, learn_rate = 0.007756641
[DEBUG] 2015-04-09 10:17:29,640 -- RegSVD fold [4] iter 6: errs = 73548.945, delta_errs = 22538.041, loss = 90081.01, delta_loss = 21850.004, learn_rate = 0.0060775313
[DEBUG] 2015-04-09 10:17:29,641 -- RegSVD fold [1] iter 5: errs = 110207.414, delta_errs = 74922.586, loss = 125912.25, delta_loss = 72704.086, learn_rate = 0.005788125
[DEBUG] 2015-04-09 10:17:29,645 -- RegSVD fold [2] iter 6: errs = 74250.84, delta_errs = 23820.234, loss = 90951.734, delta_loss = 23039.678, learn_rate = 0.0060775313
[DEBUG] 2015-04-09 10:17:29,648 -- RegSVD fold [5] iter 12: errs = 37255.723, delta_errs = 2353.94, loss = 55311.145, delta_loss = 2248.195, learn_rate = 0.008144473
[DEBUG] 2015-04-09 10:17:29,651 -- RegSVD fold [4] iter 7: errs = 60656.78, delta_errs = 12892.164, loss = 77638.88, delta_loss = 12442.126, learn_rate = 0.006381408
[DEBUG] 2015-04-09 10:17:29,653 -- RegSVD fold [1] iter 6: errs = 79758.52, delta_errs = 30448.893, loss = 96414.77, delta_loss = 29497.475, learn_rate = 0.0060775313
[DEBUG] 2015-04-09 10:17:29,658 -- RegSVD fold [3] iter 8: errs = 52137.562, delta_errs = 8306.086, loss = 69633.875, delta_loss = 7939.7876, learn_rate = 0.006700478
[DEBUG] 2015-04-09 10:17:29,660 -- RegSVD fold [5] iter 13: errs = 35329.566, delta_errs = 1926.1571, loss = 53467.344, delta_loss = 1843.8016, learn_rate = 0.008551696
[DEBUG] 2015-04-09 10:17:29,662 -- RegSVD fold [4] iter 8: errs = 52438.418, delta_errs = 8218.367, loss = 69750.92, delta_loss = 7887.9634, learn_rate = 0.006700478
[DEBUG] 2015-04-09 10:17:29,666 -- RegSVD fold [2] iter 7: errs = 60874.414, delta_errs = 13376.43, loss = 78085.09, delta_loss = 12866.639, learn_rate = 0.006381408
[DEBUG] 2015-04-09 10:17:29,671 -- RegSVD fold [1] iter 7: errs = 63718.59, delta_errs = 16039.936, loss = 80963.516, delta_loss = 15451.263, learn_rate = 0.006381408
[DEBUG] 2015-04-09 10:17:29,671 -- RegSVD fold [5] iter 14: errs = 33700.176, delta_errs = 1629.3925, loss = 51903.613, delta_loss = 1563.7281, learn_rate = 0.008979281
[DEBUG] 2015-04-09 10:17:29,674 -- RegSVD fold [4] iter 9: errs = 46811.555, delta_errs = 5626.861, loss = 64379.566, delta_loss = 5371.351, learn_rate = 0.0070355018
[DEBUG] 2015-04-09 10:17:29,678 -- RegSVD fold [3] iter 9: errs = 46477.953, delta_errs = 5659.6104, loss = 64248.152, delta_loss = 5385.72, learn_rate = 0.0070355018
[DEBUG] 2015-04-09 10:17:29,683 -- RegSVD fold [5] iter 15: errs = 32281.02, delta_errs = 1419.1548, loss = 50538.223, delta_loss = 1365.3892, learn_rate = 0.009428246
[DEBUG] 2015-04-09 10:17:29,683 -- RegSVD fold [1] iter 8: errs = 53997.91, delta_errs = 9720.679, loss = 71653.87, delta_loss = 9309.645, learn_rate = 0.006700478
[DEBUG] 2015-04-09 10:17:29,684 -- RegSVD fold [2] iter 8: errs = 52431.594, delta_errs = 8442.82, loss = 70008.62, delta_loss = 8076.4785, learn_rate = 0.006700478
[DEBUG] 2015-04-09 10:17:29,685 -- RegSVD fold [4] iter 10: errs = 42747.36, delta_errs = 4064.1975, loss = 60516.043, delta_loss = 3863.5237, learn_rate = 0.007387277
[DEBUG] 2015-04-09 10:17:29,691 -- RegSVD fold [3] iter 10: errs = 42409.645, delta_errs = 4068.3076, loss = 60381.137, delta_loss = 3867.017, learn_rate = 0.007387277
[DEBUG] 2015-04-09 10:17:29,693 -- RegSVD fold [5] iter 16: errs = 31014.691, delta_errs = 1266.3286, loss = 49316.863, delta_loss = 1221.3594, learn_rate = 0.009899658
[DEBUG] 2015-04-09 10:17:29,696 -- RegSVD fold [4] iter 11: errs = 39680.75, delta_errs = 3066.6082, loss = 57606.297, delta_loss = 2909.7466, learn_rate = 0.007756641
[DEBUG] 2015-04-09 10:17:29,700 -- RegSVD fold [2] iter 9: errs = 46685.05, delta_errs = 5746.5464, loss = 64531.215, delta_loss = 5477.4, learn_rate = 0.0070355018
[DEBUG] 2015-04-09 10:17:29,701 -- RegSVD fold [1] iter 9: errs = 47571.523, delta_errs = 6426.3887, loss = 65523.92, delta_loss = 6129.95, learn_rate = 0.0070355018
[DEBUG] 2015-04-09 10:17:29,704 -- RegSVD fold [3] iter 11: errs = 39355.348, delta_errs = 3054.298, loss = 57469.938, delta_loss = 2911.199, learn_rate = 0.007756641
[DEBUG] 2015-04-09 10:17:29,705 -- RegSVD fold [5] iter 17: errs = 29862.406, delta_errs = 1152.2847, loss = 48202.91, delta_loss = 1113.9531, learn_rate = 0.01039464
[DEBUG] 2015-04-09 10:17:29,708 -- RegSVD fold [4] iter 12: errs = 37276.914, delta_errs = 2403.8357, loss = 55323.344, delta_loss = 2282.9539, learn_rate = 0.008144473
[DEBUG] 2015-04-09 10:17:29,715 -- RegSVD fold [2] iter 10: errs = 42551.348, delta_errs = 4133.7007, loss = 60593.258, delta_loss = 3937.9565, learn_rate = 0.007387277
[DEBUG] 2015-04-09 10:17:29,716 -- RegSVD fold [5] iter 18: errs = 28796.865, delta_errs = 1065.5406, loss = 47171.133, delta_loss = 1031.7786, learn_rate = 0.010914372
[DEBUG] 2015-04-09 10:17:29,718 -- RegSVD fold [3] iter 12: errs = 36972.71, delta_errs = 2382.634, loss = 55185.227, delta_loss = 2284.7114, learn_rate = 0.008144473
[DEBUG] 2015-04-09 10:17:29,718 -- RegSVD fold [1] iter 10: errs = 43043.508, delta_errs = 4528.014, loss = 61209.36, delta_loss = 4314.5625, learn_rate = 0.007387277
[DEBUG] 2015-04-09 10:17:29,719 -- RegSVD fold [4] iter 13: errs = 35325.676, delta_errs = 1951.2401, loss = 53463.875, delta_loss = 1859.4678, learn_rate = 0.008551696
[DEBUG] 2015-04-09 10:17:29,728 -- RegSVD fold [2] iter 11: errs = 39443.2, delta_errs = 3108.1482, loss = 57624.48, delta_loss = 2968.7795, learn_rate = 0.007756641
[DEBUG] 2015-04-09 10:17:29,729 -- RegSVD fold [5] iter 19: errs = 27798.328, delta_errs = 998.53864, loss = 46204.07, delta_loss = 967.0629, learn_rate = 0.011460091
[DEBUG] 2015-04-09 10:17:29,731 -- RegSVD fold [3] iter 13: errs = 35045.938, delta_errs = 1926.774, loss = 53323.285, delta_loss = 1861.9419, learn_rate = 0.008551696
[DEBUG] 2015-04-09 10:17:29,731 -- RegSVD fold [4] iter 14: errs = 33688.867, delta_errs = 1636.8083, loss = 51896.332, delta_loss = 1567.544, learn_rate = 0.008979281
[DEBUG] 2015-04-09 10:17:29,735 -- RegSVD fold [1] iter 11: errs = 39685.34, delta_errs = 3358.168, loss = 58003.285, delta_loss = 3206.0708, learn_rate = 0.007756641
[DEBUG] 2015-04-09 10:17:29,740 -- RegSVD fold [2] iter 12: errs = 37015.598, delta_errs = 2427.6038, loss = 55293.82, delta_loss = 2330.6584, learn_rate = 0.008144473
[DEBUG] 2015-04-09 10:17:29,741 -- RegSVD fold [5] iter 20: errs = 26853.18, delta_errs = 945.1468, loss = 45290.223, delta_loss = 913.8475, learn_rate = 0.012033096
[DEBUG] 2015-04-09 10:17:29,743 -- RegSVD fold [4] iter 15: errs = 32272.184, delta_errs = 1416.6825, loss = 50532.805, delta_loss = 1363.5293, learn_rate = 0.009428246
[DEBUG] 2015-04-09 10:17:29,747 -- RegSVD fold [3] iter 14: errs = 33432.45, delta_errs = 1613.4874, loss = 51752.344, delta_loss = 1570.9397, learn_rate = 0.008979281
[DEBUG] 2015-04-09 10:17:29,747 -- RegSVD fold [1] iter 12: errs = 37085.062, delta_errs = 2600.2773, loss = 55510.203, delta_loss = 2493.0845, learn_rate = 0.008144473
[DEBUG] 2015-04-09 10:17:29,752 -- RegSVD fold [2] iter 13: errs = 35052.953, delta_errs = 1962.6415, loss = 53397.23, delta_loss = 1896.5905, learn_rate = 0.008551696
[DEBUG] 2015-04-09 10:17:29,753 -- RegSVD fold [5] iter 21: errs = 25953.592, delta_errs = 899.5891, loss = 44423.07, delta_loss = 867.1528, learn_rate = 0.01263475
[DEBUG] 2015-04-09 10:17:29,754 -- RegSVD fold [4] iter 16: errs = 31009.492, delta_errs = 1262.6921, loss = 49313.168, delta_loss = 1219.6361, learn_rate = 0.009899658
[DEBUG] 2015-04-09 10:17:29,763 -- RegSVD fold [1] iter 13: errs = 34995.28, delta_errs = 2089.7808, loss = 53495.035, delta_loss = 2015.1682, learn_rate = 0.008551696
[DEBUG] 2015-04-09 10:17:29,764 -- RegSVD fold [3] iter 15: errs = 32035.006, delta_errs = 1397.4448, loss = 50384.33, delta_loss = 1368.0144, learn_rate = 0.009428246
[DEBUG] 2015-04-09 10:17:29,765 -- RegSVD fold [5] iter 22: errs = 25096.988, delta_errs = 856.60297, loss = 43600.19, delta_loss = 822.8779, learn_rate = 0.013266488
[DEBUG] 2015-04-09 10:17:29,766 -- RegSVD fold [4] iter 17: errs = 29854.193, delta_errs = 1155.2983, loss = 48196.12, delta_loss = 1117.0458, learn_rate = 0.01039464
[DEBUG] 2015-04-09 10:17:29,775 -- RegSVD fold [2] iter 14: errs = 33413.89, delta_errs = 1639.0627, loss = 51802.656, delta_loss = 1594.5743, learn_rate = 0.008979281
[DEBUG] 2015-04-09 10:17:29,776 -- RegSVD fold [5] iter 23: errs = 24284.797, delta_errs = 812.1919, loss = 42822.082, delta_loss = 778.11017, learn_rate = 0.013929812
[DEBUG] 2015-04-09 10:17:29,776 -- RegSVD fold [3] iter 16: errs = 30786.516, delta_errs = 1248.4896, loss = 49159.44, delta_loss = 1224.8875, learn_rate = 0.009899658
[DEBUG] 2015-04-09 10:17:29,778 -- RegSVD fold [4] iter 18: errs = 28774.844, delta_errs = 1079.3481, loss = 47154.28, delta_loss = 1041.8389, learn_rate = 0.010914372
[DEBUG] 2015-04-09 10:17:29,779 -- RegSVD fold [1] iter 14: errs = 33260.348, delta_errs = 1734.9344, loss = 51810.97, delta_loss = 1684.0658, learn_rate = 0.008979281
[DEBUG] 2015-04-09 10:17:29,787 -- RegSVD fold [5] iter 24: errs = 23520.49, delta_errs = 764.3059, loss = 42090.66, delta_loss = 731.4234, learn_rate = 0.014626304
[DEBUG] 2015-04-09 10:17:29,789 -- RegSVD fold [3] iter 17: errs = 29641.463, delta_errs = 1145.0535, loss = 48037.434, delta_loss = 1122.0072, learn_rate = 0.01039464
[DEBUG] 2015-04-09 10:17:29,790 -- RegSVD fold [4] iter 19: errs = 27752.889, delta_errs = 1021.95636, loss = 46171.363, delta_loss = 982.91943, learn_rate = 0.011460091
[DEBUG] 2015-04-09 10:17:29,791 -- RegSVD fold [2] iter 15: errs = 32002.297, delta_errs = 1411.5947, loss = 50421.47, delta_loss = 1381.188, learn_rate = 0.009428246
[DEBUG] 2015-04-09 10:17:29,792 -- RegSVD fold [1] iter 15: errs = 31778.65, delta_errs = 1481.6976, loss = 50362.645, delta_loss = 1448.324, learn_rate = 0.009428246
[DEBUG] 2015-04-09 10:17:29,799 -- RegSVD fold [5] iter 25: errs = 22807.596, delta_errs = 712.8949, loss = 41407.895, delta_loss = 682.76337, learn_rate = 0.015357618
[DEBUG] 2015-04-09 10:17:29,802 -- RegSVD fold [3] iter 18: errs = 28570.662, delta_errs = 1070.801, loss = 46992.336, delta_loss = 1045.0977, learn_rate = 0.010914372
[DEBUG] 2015-04-09 10:17:29,802 -- RegSVD fold [4] iter 20: errs = 26780.533, delta_errs = 972.3549, loss = 45239.8, delta_loss = 931.5604, learn_rate = 0.012033096
[DEBUG] 2015-04-09 10:17:29,803 -- RegSVD fold [2] iter 16: errs = 30751.295, delta_errs = 1251.0016, loss = 49192.83, delta_loss = 1228.6401, learn_rate = 0.009899658
[DEBUG] 2015-04-09 10:17:29,806 -- RegSVD fold [1] iter 16: errs = 30481.525, delta_errs = 1297.1237, loss = 49086.164, delta_loss = 1276.4785, learn_rate = 0.009899658
[DEBUG] 2015-04-09 10:17:29,811 -- RegSVD fold [5] iter 26: errs = 22148.354, delta_errs = 659.2415, loss = 40774.996, delta_loss = 632.89954, learn_rate = 0.0161255
[DEBUG] 2015-04-09 10:17:29,814 -- RegSVD fold [3] iter 19: errs = 27557.566, delta_errs = 1013.09436, loss = 46008.844, delta_loss = 983.49146, learn_rate = 0.011460091
[DEBUG] 2015-04-09 10:17:29,814 -- RegSVD fold [4] iter 21: errs = 25857.56, delta_errs = 922.97375, loss = 44357.92, delta_loss = 881.8787, learn_rate = 0.01263475
[DEBUG] 2015-04-09 10:17:29,816 -- RegSVD fold [2] iter 17: errs = 29614.088, delta_errs = 1137.2075, loss = 48074.785, delta_loss = 1118.0415, learn_rate = 0.01039464
[DEBUG] 2015-04-09 10:17:29,822 -- RegSVD fold [5] iter 27: errs = 21543.309, delta_errs = 605.04486, loss = 40192.17, delta_loss = 582.8231, learn_rate = 0.016931774
[DEBUG] 2015-04-09 10:17:29,826 -- RegSVD fold [4] iter 22: errs = 24987.26, delta_errs = 870.29944, loss = 43526.777, delta_loss = 831.145, learn_rate = 0.013266488
[DEBUG] 2015-04-09 10:17:29,827 -- RegSVD fold [1] iter 17: errs = 29321.088, delta_errs = 1160.4387, loss = 47937.805, delta_loss = 1148.3602, learn_rate = 0.01039464
[DEBUG] 2015-04-09 10:17:29,828 -- RegSVD fold [2] iter 18: errs = 28558.768, delta_errs = 1055.3215, loss = 47039.066, delta_loss = 1035.7177, learn_rate = 0.010914372
[DEBUG] 2015-04-09 10:17:29,830 -- RegSVD fold [3] iter 20: errs = 26595.037, delta_errs = 962.52985, loss = 45079.363, delta_loss = 929.484, learn_rate = 0.012033096
[DEBUG] 2015-04-09 10:17:29,834 -- RegSVD fold [5] iter 28: errs = 20991.525, delta_errs = 551.78436, loss = 39658.77, delta_loss = 533.40234, learn_rate = 0.017778363
[DEBUG] 2015-04-09 10:17:29,838 -- RegSVD fold [4] iter 23: errs = 24172.928, delta_errs = 814.33215, loss = 42747.645, delta_loss = 779.13306, learn_rate = 0.013929812
[DEBUG] 2015-04-09 10:17:29,839 -- RegSVD fold [2] iter 19: errs = 27565.246, delta_errs = 993.51996, loss = 46067.79, delta_loss = 971.2774, learn_rate = 0.011460091
[DEBUG] 2015-04-09 10:17:29,841 -- RegSVD fold [1] iter 18: errs = 28263.572, delta_errs = 1057.5156, loss = 46887.586, delta_loss = 1050.2206, learn_rate = 0.010914372
[DEBUG] 2015-04-09 10:17:29,841 -- RegSVD fold [3] iter 21: errs = 25682.086, delta_errs = 912.9509, loss = 44201.24, delta_loss = 878.1247, learn_rate = 0.01263475
[DEBUG] 2015-04-09 10:17:29,845 -- RegSVD fold [5] iter 29: errs = 20491.035, delta_errs = 500.48956, loss = 39173.492, delta_loss = 485.2801, learn_rate = 0.01866728
[DEBUG] 2015-04-09 10:17:29,850 -- RegSVD fold [4] iter 24: errs = 23416.094, delta_errs = 756.83356, loss = 42020.902, delta_loss = 726.74255, learn_rate = 0.014626304
[DEBUG] 2015-04-09 10:17:29,851 -- RegSVD fold [2] iter 20: errs = 26622.928, delta_errs = 942.3194, loss = 45151.004, delta_loss = 916.7855, learn_rate = 0.012033096
[DEBUG] 2015-04-09 10:17:29,853 -- RegSVD fold [1] iter 19: errs = 27285.863, delta_errs = 977.70807, loss = 45915.453, delta_loss = 972.1331, learn_rate = 0.011460091
[DEBUG] 2015-04-09 10:17:29,854 -- RegSVD fold [3] iter 22: errs = 24820.746, delta_errs = 861.34106, loss = 43374.305, delta_loss = 826.9322, learn_rate = 0.013266488
[DEBUG] 2015-04-09 10:17:29,857 -- RegSVD fold [5] iter 30: errs = 20039.287, delta_errs = 451.74905, loss = 38734.62, delta_loss = 438.86774, learn_rate = 0.019600645
[DEBUG] 2015-04-09 10:17:29,862 -- RegSVD fold [4] iter 25: errs = 22716.457, delta_errs = 699.6376, loss = 41346.047, delta_loss = 674.8575, learn_rate = 0.015357618
[DEBUG] 2015-04-09 10:17:29,863 -- RegSVD fold [2] iter 21: errs = 25728.297, delta_errs = 894.6308, loss = 44284.492, delta_loss = 866.5132, learn_rate = 0.01263475
[DEBUG] 2015-04-09 10:17:29,865 -- RegSVD fold [1] iter 20: errs = 26373.225, delta_errs = 912.63904, loss = 45008.62, delta_loss = 906.832, learn_rate = 0.012033096
[DEBUG] 2015-04-09 10:17:29,868 -- RegSVD fold [5] iter 31: errs = 19633.482, delta_errs = 405.8038, loss = 38340.25, delta_loss = 394.37433, learn_rate = 0.020580677
[DEBUG] 2015-04-09 10:17:29,869 -- RegSVD fold [3] iter 23: errs = 24013.508, delta_errs = 807.2367, loss = 42599.023, delta_loss = 775.282, learn_rate = 0.013929812
[DEBUG] 2015-04-09 10:17:29,873 -- RegSVD fold [4] iter 26: errs = 22072.527, delta_errs = 643.92993, loss = 40722.06, delta_loss = 623.98724, learn_rate = 0.0161255
[DEBUG] 2015-04-09 10:17:29,874 -- RegSVD fold [2] iter 22: errs = 24882.332, delta_errs = 845.9648, loss = 43467.62, delta_loss = 816.8691, learn_rate = 0.013266488
[DEBUG] 2015-04-09 10:17:29,879 -- RegSVD fold [5] iter 32: errs = 19270.824, delta_errs = 362.65765, loss = 37988.387, delta_loss = 351.86017, learn_rate = 0.02160971
[DEBUG] 2015-04-09 10:17:29,881 -- RegSVD fold [3] iter 24: errs = 23261.814, delta_errs = 751.6945, loss = 41875.473, delta_loss = 723.5518, learn_rate = 0.014626304
[DEBUG] 2015-04-09 10:17:29,885 -- RegSVD fold [4] iter 27: errs = 21482.205, delta_errs = 590.3217, loss = 40147.652, delta_loss = 574.40546, learn_rate = 0.016931774
[DEBUG] 2015-04-09 10:17:29,886 -- RegSVD fold [1] iter 21: errs = 25517.152, delta_errs = 856.0721, loss = 44159.383, delta_loss = 849.23676, learn_rate = 0.01263475
[DEBUG] 2015-04-09 10:17:29,886 -- RegSVD fold [2] iter 23: errs = 24087.918, delta_errs = 794.41345, loss = 42701.355, delta_loss = 766.26556, learn_rate = 0.013929812
[DEBUG] 2015-04-09 10:17:29,890 -- RegSVD fold [5] iter 33: errs = 18948.648, delta_errs = 322.17596, loss = 37677.09, delta_loss = 311.29672, learn_rate = 0.022690197
[DEBUG] 2015-04-09 10:17:29,892 -- RegSVD fold [3] iter 25: errs = 22565.64, delta_errs = 696.1737, loss = 41203.133, delta_loss = 672.3367, learn_rate = 0.015357618
[DEBUG] 2015-04-09 10:17:29,896 -- RegSVD fold [4] iter 28: errs = 20943.082, delta_errs = 539.123, loss = 39621.34, delta_loss = 526.31415, learn_rate = 0.017778363
[DEBUG] 2015-04-09 10:17:29,897 -- RegSVD fold [1] iter 22: errs = 24713.213, delta_errs = 803.9406, loss = 43363.246, delta_loss = 796.1368, learn_rate = 0.013266488
[DEBUG] 2015-04-09 10:17:29,897 -- RegSVD fold [2] iter 24: errs = 23347.688, delta_errs = 740.2306, loss = 41986.625, delta_loss = 714.7315, learn_rate = 0.014626304
[DEBUG] 2015-04-09 10:17:29,902 -- RegSVD fold [5] iter 34: errs = 18664.492, delta_errs = 284.1571, loss = 37404.48, delta_loss = 272.6109, learn_rate = 0.023824707
[DEBUG] 2015-04-09 10:17:29,904 -- RegSVD fold [3] iter 26: errs = 21923.828, delta_errs = 641.81323, loss = 40581.07, delta_loss = 622.06244, learn_rate = 0.0161255
[DEBUG] 2015-04-09 10:17:29,909 -- RegSVD fold [4] iter 29: errs = 20452.582, delta_errs = 490.5, loss = 39141.457, delta_loss = 479.8809, learn_rate = 0.01866728
[DEBUG] 2015-04-09 10:17:29,910 -- RegSVD fold [2] iter 25: errs = 22662.727, delta_errs = 684.96094, loss = 41323.43, delta_loss = 663.1968, learn_rate = 0.015357618
[DEBUG] 2015-04-09 10:17:29,912 -- RegSVD fold [1] iter 23: errs = 23959.135, delta_errs = 754.0769, loss = 42617.465, delta_loss = 745.78174, learn_rate = 0.013929812
[DEBUG] 2015-04-09 10:17:29,913 -- RegSVD fold [5] iter 35: errs = 18416.115, delta_errs = 248.37602, loss = 37168.77, delta_loss = 235.70917, learn_rate = 0.025015943
[DEBUG] 2015-04-09 10:17:29,916 -- RegSVD fold [3] iter 27: errs = 21334.525, delta_errs = 589.3024, loss = 40008.05, delta_loss = 573.0194, learn_rate = 0.016931774
[DEBUG] 2015-04-09 10:17:29,920 -- RegSVD fold [4] iter 30: errs = 20008.066, delta_errs = 444.51495, loss = 38706.242, delta_loss = 435.21536, learn_rate = 0.019600645
[DEBUG] 2015-04-09 10:17:29,921 -- RegSVD fold [2] iter 26: errs = 22032.354, delta_errs = 630.3731, loss = 40710.75, delta_loss = 612.67755, learn_rate = 0.0161255
[DEBUG] 2015-04-09 10:17:29,924 -- RegSVD fold [5] iter 36: errs = 18201.508, delta_errs = 214.60759, loss = 36968.285, delta_loss = 200.48724, learn_rate = 0.026266739
[DEBUG] 2015-04-09 10:17:29,927 -- RegSVD fold [3] iter 28: errs = 20795.47, delta_errs = 539.0538, loss = 39482.566, delta_loss = 525.4849, learn_rate = 0.017778363
[DEBUG] 2015-04-09 10:17:29,932 -- RegSVD fold [4] iter 31: errs = 19606.936, delta_errs = 401.13126, loss = 38313.887, delta_loss = 392.35718, learn_rate = 0.020580677
[DEBUG] 2015-04-09 10:17:29,933 -- RegSVD fold [2] iter 27: errs = 21454.652, delta_errs = 577.7021, loss = 40146.98, delta_loss = 563.77057, learn_rate = 0.016931774
[DEBUG] 2015-04-09 10:17:29,933 -- RegSVD fold [1] iter 24: errs = 23253.504, delta_errs = 705.6309, loss = 41920.11, delta_loss = 697.35583, learn_rate = 0.014626304
[DEBUG] 2015-04-09 10:17:29,936 -- RegSVD fold [5] iter 37: errs = 18018.871, delta_errs = 182.63683, loss = 36801.453, delta_loss = 166.83253, learn_rate = 0.027580077
[DEBUG] 2015-04-09 10:17:29,938 -- RegSVD fold [3] iter 29: errs = 20304.162, delta_errs = 491.30975, loss = 39002.875, delta_loss = 479.69128, learn_rate = 0.01866728
[DEBUG] 2015-04-09 10:17:29,943 -- RegSVD fold [4] iter 32: errs = 19246.703, delta_errs = 360.23236, loss = 37962.594, delta_loss = 351.29108, learn_rate = 0.02160971
[DEBUG] 2015-04-09 10:17:29,945 -- RegSVD fold [2] iter 28: errs = 20927.176, delta_errs = 527.47595, loss = 39630.367, delta_loss = 516.61444, learn_rate = 0.017778363
[DEBUG] 2015-04-09 10:17:29,947 -- RegSVD fold [5] iter 38: errs = 17866.61, delta_errs = 152.26132, loss = 36666.83, delta_loss = 134.6236, learn_rate = 0.02895908
[DEBUG] 2015-04-09 10:17:29,947 -- RegSVD fold [1] iter 25: errs = 22595.086, delta_errs = 658.4178, loss = 41269.625, delta_loss = 650.48395, learn_rate = 0.015357618
[DEBUG] 2015-04-09 10:17:29,950 -- RegSVD fold [3] iter 30: errs = 19858.025, delta_errs = 446.135, loss = 38567.15, delta_loss = 435.72653, learn_rate = 0.019600645
[DEBUG] 2015-04-09 10:17:29,955 -- RegSVD fold [4] iter 33: errs = 18925.049, delta_errs = 321.6556, loss = 37650.62, delta_loss = 311.97314, learn_rate = 0.022690197
[DEBUG] 2015-04-09 10:17:29,956 -- RegSVD fold [2] iter 29: errs = 20447.428, delta_errs = 479.74774, loss = 39159.254, delta_loss = 471.11258, learn_rate = 0.01866728
[DEBUG] 2015-04-09 10:17:29,958 -- RegSVD fold [5] iter 39: errs = 17743.322, delta_errs = 123.28876, loss = 36563.098, delta_loss = 103.72859, learn_rate = 0.030407034
[DEBUG] 2015-04-09 10:17:29,961 -- RegSVD fold [3] iter 31: errs = 19454.598, delta_errs = 403.42905, loss = 38173.62, delta_loss = 393.52817, learn_rate = 0.020580677
[DEBUG] 2015-04-09 10:17:29,965 -- RegSVD fold [1] iter 26: errs = 21982.646, delta_errs = 612.44, loss = 40664.703, delta_loss = 604.923, learn_rate = 0.0161255
[DEBUG] 2015-04-09 10:17:29,966 -- RegSVD fold [4] iter 34: errs = 18639.824, delta_errs = 285.2236, loss = 37376.273, delta_loss = 274.34848, learn_rate = 0.023824707
[DEBUG] 2015-04-09 10:17:29,969 -- RegSVD fold [5] iter 40: errs = 17647.79, delta_errs = 95.532326, loss = 36489.094, delta_loss = 74.003716, learn_rate = 0.031927384
[DEBUG] 2015-04-09 10:17:29,970 -- RegSVD fold [2] iter 30: errs = 20013.035, delta_errs = 434.3933, loss = 38732.11, delta_loss = 427.14648, learn_rate = 0.019600645
[DEBUG] 2015-04-09 10:17:29,973 -- RegSVD fold [3] iter 32: errs = 19091.598, delta_errs = 362.99927, loss = 37820.656, delta_loss = 352.96576, learn_rate = 0.02160971
[DEBUG] 2015-04-09 10:17:29,980 -- RegSVD fold [5] iter 41: errs = 17578.982, delta_errs = 68.80572, loss = 36443.805, delta_loss = 45.29245, learn_rate = 0.033523753
[DEBUG] 2015-04-09 10:17:29,984 -- RegSVD fold [3] iter 33: errs = 18766.957, delta_errs = 324.64014, loss = 37506.734, delta_loss = 313.92184, learn_rate = 0.022690197
[DEBUG] 2015-04-09 10:17:29,988 -- RegSVD fold [1] iter 27: errs = 21414.98, delta_errs = 567.6665, loss = 40104.254, delta_loss = 560.4472, learn_rate = 0.016931774
[DEBUG] 2015-04-09 10:17:29,989 -- RegSVD fold [4] iter 35: errs = 18389.064, delta_errs = 250.76082, loss = 37137.918, delta_loss = 238.35483, learn_rate = 0.025015943
[DEBUG] 2015-04-09 10:17:29,989 -- RegSVD fold [2] iter 31: errs = 19621.742, delta_errs = 391.29196, loss = 38347.434, delta_loss = 384.6736, learn_rate = 0.020580677
[DEBUG] 2015-04-09 10:17:29,991 -- RegSVD fold [5] iter 42: errs = 17536.064, delta_errs = 42.919636, loss = 36426.38, delta_loss = 17.425802, learn_rate = 0.035199944
[DEBUG] 2015-04-09 10:17:29,996 -- RegSVD fold [3] iter 34: errs = 18478.781, delta_errs = 288.17615, loss = 37230.41, delta_loss = 276.32428, learn_rate = 0.023824707
[DEBUG] 2015-04-09 10:17:30,002 -- RegSVD fold [5] iter 43: errs = 17518.385, delta_errs = 17.679884, loss = 36436.152, delta_loss = -9.776838, learn_rate = 0.03695994
[DEBUG] 2015-04-09 10:17:30,003 -- RegSVD fold [1] iter 28: errs = 20890.982, delta_errs = 523.997, loss = 39587.41, delta_loss = 516.8463, learn_rate = 0.017778363
[DEBUG] 2015-04-09 10:17:30,004 -- RegSVD fold [4] iter 36: errs = 18170.967, delta_errs = 218.09601, loss = 36934.0, delta_loss = 203.91757, learn_rate = 0.026266739
[DEBUG] 2015-04-09 10:17:30,008 -- RegSVD fold [3] iter 35: errs = 18225.314, delta_errs = 253.46794, loss = 36990.27, delta_loss = 240.13889, learn_rate = 0.025015943
[DEBUG] 2015-04-09 10:17:30,010 -- RegSVD fold [2] iter 32: errs = 19271.361, delta_errs = 350.38107, loss = 38003.703, delta_loss = 343.73138, learn_rate = 0.02160971
[DEBUG] 2015-04-09 10:17:30,014 -- RegSVD fold [1] iter 29: errs = 20409.674, delta_errs = 481.30875, loss = 39113.45, delta_loss = 473.95868, learn_rate = 0.01866728
[DEBUG] 2015-04-09 10:17:30,014 -- RegSVD fold [5] iter 44: errs = 15731.834, delta_errs = 1786.5499, loss = 34715.73, delta_loss = 1720.4233, learn_rate = 0.01847997
[DEBUG] 2015-04-09 10:17:30,016 -- RegSVD fold [4] iter 37: errs = 17983.908, delta_errs = 187.05872, loss = 36763.055, delta_loss = 170.94504, learn_rate = 0.027580077
[DEBUG] 2015-04-09 10:17:30,019 -- RegSVD fold [3] iter 36: errs = 18004.916, delta_errs = 220.39679, loss = 36784.926, delta_loss = 205.34375, learn_rate = 0.026266739
[DEBUG] 2015-04-09 10:17:30,022 -- RegSVD fold [2] iter 33: errs = 18959.72, delta_errs = 311.6406, loss = 37699.305, delta_loss = 304.3985, learn_rate = 0.022690197
[DEBUG] 2015-04-09 10:17:30,025 -- RegSVD fold [5] iter 45: errs = 15529.915, delta_errs = 201.91884, loss = 34477.78, delta_loss = 237.9507, learn_rate = 0.019403968
[DEBUG] 2015-04-09 10:17:30,031 -- RegSVD fold [3] iter 37: errs = 17816.074, delta_errs = 188.84338, loss = 36613.023, delta_loss = 171.90343, learn_rate = 0.027580077
[DEBUG] 2015-04-09 10:17:30,034 -- RegSVD fold [2] iter 34: errs = 18684.666, delta_errs = 275.05475, loss = 37432.555, delta_loss = 266.74835, learn_rate = 0.023824707
[DEBUG] 2015-04-09 10:17:30,035 -- RegSVD fold [1] iter 30: errs = 19970.16, delta_errs = 439.51486, loss = 38681.746, delta_loss = 431.7051, learn_rate = 0.019600645
[DEBUG] 2015-04-09 10:17:30,036 -- RegSVD fold [5] iter 46: errs = 15496.49, delta_errs = 33.425346, loss = 34447.465, delta_loss = 30.317068, learn_rate = 0.020374168
[DEBUG] 2015-04-09 10:17:30,038 -- RegSVD fold [4] iter 38: errs = 17826.432, delta_errs = 157.47675, loss = 36623.727, delta_loss = 139.32877, learn_rate = 0.02895908
[DEBUG] 2015-04-09 10:17:30,042 -- RegSVD fold [3] iter 38: errs = 17657.4, delta_errs = 158.67366, loss = 36473.27, delta_loss = 139.75403, learn_rate = 0.02895908
[DEBUG] 2015-04-09 10:17:30,046 -- RegSVD fold [2] iter 35: errs = 18444.088, delta_errs = 240.57817, loss = 37201.742, delta_loss = 230.8135, learn_rate = 0.025015943
[DEBUG] 2015-04-09 10:17:30,048 -- RegSVD fold [5] iter 47: errs = 15490.171, delta_errs = 6.3192716, loss = 34451.156, delta_loss = -3.6936636, learn_rate = 0.021392874
[DEBUG] 2015-04-09 10:17:30,050 -- RegSVD fold [1] iter 31: errs = 19571.55, delta_errs = 398.60934, loss = 38291.633, delta_loss = 390.11237, learn_rate = 0.020580677
[DEBUG] 2015-04-09 10:17:30,050 -- RegSVD fold [4] iter 39: errs = 17697.256, delta_errs = 129.17592, loss = 36514.78, delta_loss = 108.94667, learn_rate = 0.030407034
[DEBUG] 2015-04-09 10:17:30,057 -- RegSVD fold [2] iter 36: errs = 18235.97, delta_errs = 208.11668, loss = 37005.17, delta_loss = 196.56863, learn_rate = 0.026266739
[DEBUG] 2015-04-09 10:17:30,059 -- RegSVD fold [5] iter 48: errs = 14590.87, delta_errs = 899.3002, loss = 33599.984, delta_loss = 851.1734, learn_rate = 0.010696437
[DEBUG] 2015-04-09 10:17:30,062 -- RegSVD fold [1] iter 32: errs = 19212.86, delta_errs = 358.69122, loss = 37942.312, delta_loss = 349.31943, learn_rate = 0.02160971
[DEBUG] 2015-04-09 10:17:30,063 -- RegSVD fold [4] iter 40: errs = 17595.275, delta_errs = 101.98096, loss = 36435.113, delta_loss = 79.66648, learn_rate = 0.031927384
[DEBUG] 2015-04-09 10:17:30,068 -- RegSVD fold [3] iter 39: errs = 17527.664, delta_errs = 129.7367, loss = 36364.47, delta_loss = 108.80171, learn_rate = 0.030407034
[DEBUG] 2015-04-09 10:17:30,069 -- RegSVD fold [2] iter 37: errs = 18058.447, delta_errs = 177.52339, loss = 36841.242, delta_loss = 163.93036, learn_rate = 0.027580077
[DEBUG] 2015-04-09 10:17:30,070 -- RegSVD fold [5] iter 49: errs = 14476.314, delta_errs = 114.55563, loss = 33459.91, delta_loss = 140.07372, learn_rate = 0.011231259
[DEBUG] 2015-04-09 10:17:30,074 -- RegSVD fold [1] iter 33: errs = 18892.902, delta_errs = 319.9562, loss = 37632.758, delta_loss = 309.55438, learn_rate = 0.022690197
[DEBUG] 2015-04-09 10:17:30,080 -- RegSVD fold [3] iter 40: errs = 17425.791, delta_errs = 101.87174, loss = 36285.54, delta_loss = 78.92994, learn_rate = 0.031927384
[DEBUG] 2015-04-09 10:17:30,080 -- RegSVD fold [2] iter 38: errs = 17909.842, delta_errs = 148.60588, loss = 36708.477, delta_loss = 132.76785, learn_rate = 0.02895908
[DEBUG] 2015-04-09 10:17:30,081 -- RegSVD fold [5] iter 50: errs = 14459.357, delta_errs = 16.957592, loss = 33439.855, delta_loss = 20.052788, learn_rate = 0.011792823
[DEBUG] 2015-04-09 10:17:30,086 -- RegSVD fold [4] iter 41: errs = 17519.559, delta_errs = 75.71607, loss = 36383.766, delta_loss = 51.34738, learn_rate = 0.033523753
[DEBUG] 2015-04-09 10:17:30,086 -- RegSVD fold [1] iter 34: errs = 18610.254, delta_errs = 282.64807, loss = 37361.684, delta_loss = 271.0755, learn_rate = 0.023824707
[DEBUG] 2015-04-09 10:17:30,092 -- RegSVD fold [3] iter 41: errs = 17350.875, delta_errs = 74.91659, loss = 36235.53, delta_loss = 50.007698, learn_rate = 0.033523753
[DEBUG] 2015-04-09 10:17:30,092 -- RegSVD fold [2] iter 39: errs = 17788.703, delta_errs = 121.1387, loss = 36605.56, delta_loss = 102.91708, learn_rate = 0.030407034
[DEBUG] 2015-04-09 10:17:30,093 -- RegSVD fold [5] iter 51: errs = 14456.265, delta_errs = 3.0924127, loss = 33438.875, delta_loss = 0.97998977, learn_rate = 0.012382464
[DEBUG] 2015-04-09 10:17:30,098 -- RegSVD fold [1] iter 35: errs = 18363.27, delta_errs = 246.9842, loss = 37127.586, delta_loss = 234.09674, learn_rate = 0.025015943
[DEBUG] 2015-04-09 10:17:30,102 -- RegSVD fold [4] iter 42: errs = 17469.355, delta_errs = 50.204613, loss = 36359.926, delta_loss = 23.839489, learn_rate = 0.035199944
[DEBUG] 2015-04-09 10:17:30,103 -- RegSVD fold [3] iter 42: errs = 17302.164, delta_errs = 48.711315, loss = 36213.637, delta_loss = 21.892916, learn_rate = 0.035199944
[DEBUG] 2015-04-09 10:17:30,103 -- RegSVD fold [2] iter 40: errs = 17693.826, delta_errs = 94.87625, loss = 36531.363, delta_loss = 74.193375, learn_rate = 0.031927384
[DEBUG] 2015-04-09 10:17:30,104 -- RegSVD fold [5] iter 52: errs = 14459.826, delta_errs = -3.5613635, loss = 33447.137, delta_loss = -8.261519, learn_rate = 0.013001586
[DEBUG] 2015-04-09 10:17:30,110 -- RegSVD fold [1] iter 36: errs = 18150.18, delta_errs = 213.09024, loss = 36928.855, delta_loss = 198.73233, learn_rate = 0.026266739
[DEBUG] 2015-04-09 10:17:30,114 -- RegSVD fold [4] iter 43: errs = 17444.088, delta_errs = 25.26706, loss = 36362.945, delta_loss = -3.0185685, learn_rate = 0.03695994
[DEBUG] 2015-04-09 10:17:30,115 -- RegSVD fold [3] iter 43: errs = 17279.068, delta_errs = 23.094646, loss = 36219.207, delta_loss = -5.5702186, learn_rate = 0.03695994
[DEBUG] 2015-04-09 10:17:30,115 -- RegSVD fold [2] iter 41: errs = 17624.264, delta_errs = 69.56327, loss = 36484.965, delta_loss = 46.399868, learn_rate = 0.033523753
[DEBUG] 2015-04-09 10:17:30,115 -- RegSVD fold [5] iter 53: errs = 13955.057, delta_errs = 504.7693, loss = 32978.727, delta_loss = 468.41187, learn_rate = 0.006500793
[DEBUG] 2015-04-09 10:17:30,122 -- RegSVD fold [1] iter 37: errs = 17969.207, delta_errs = 180.97296, loss = 36763.87, delta_loss = 164.9841, learn_rate = 0.027580077
[DEBUG] 2015-04-09 10:17:30,126 -- RegSVD fold [3] iter 44: errs = 15500.137, delta_errs = 1778.9324, loss = 34507.867, delta_loss = 1711.3407, learn_rate = 0.01847997
[DEBUG] 2015-04-09 10:17:30,126 -- RegSVD fold [5] iter 54: errs = 13881.484, delta_errs = 73.572525, loss = 32887.273, delta_loss = 91.453316, learn_rate = 0.006825833
[DEBUG] 2015-04-09 10:17:30,126 -- RegSVD fold [2] iter 42: errs = 17579.322, delta_errs = 44.942432, loss = 36465.633, delta_loss = 19.332382, learn_rate = 0.035199944
[DEBUG] 2015-04-09 10:17:30,127 -- RegSVD fold [4] iter 44: errs = 15663.265, delta_errs = 1780.8232, loss = 34653.06, delta_loss = 1709.8854, learn_rate = 0.01847997
[DEBUG] 2015-04-09 10:17:30,137 -- RegSVD fold [5] iter 55: errs = 13872.711, delta_errs = 8.773787, loss = 32874.87, delta_loss = 12.401305, learn_rate = 0.0071671247
[DEBUG] 2015-04-09 10:17:30,138 -- RegSVD fold [3] iter 45: errs = 15313.786, delta_errs = 186.35081, loss = 34284.63, delta_loss = 223.23615, learn_rate = 0.019403968
[DEBUG] 2015-04-09 10:17:30,141 -- RegSVD fold [4] iter 45: errs = 15475.214, delta_errs = 188.05043, loss = 34425.86, delta_loss = 227.19939, learn_rate = 0.019403968
[DEBUG] 2015-04-09 10:17:30,145 -- RegSVD fold [1] iter 38: errs = 17818.674, delta_errs = 150.53291, loss = 36631.105, delta_loss = 132.76407, learn_rate = 0.02895908
[DEBUG] 2015-04-09 10:17:30,148 -- RegSVD fold [5] iter 56: errs = 13872.226, delta_errs = 0.48521394, loss = 32873.625, delta_loss = 1.2451415, learn_rate = 0.007525481
[DEBUG] 2015-04-09 10:17:30,149 -- RegSVD fold [3] iter 46: errs = 15278.961, delta_errs = 34.824306, loss = 34253.203, delta_loss = 31.42562, learn_rate = 0.020374168
[DEBUG] 2015-04-09 10:17:30,149 -- RegSVD fold [2] iter 43: errs = 17558.562, delta_errs = 20.75988, loss = 36472.85, delta_loss = -7.2178397, learn_rate = 0.03695994
[DEBUG] 2015-04-09 10:17:30,153 -- RegSVD fold [4] iter 46: errs = 15437.624, delta_errs = 37.589592, loss = 34391.305, delta_loss = 34.556942, learn_rate = 0.020374168
[DEBUG] 2015-04-09 10:17:30,158 -- RegSVD fold [1] iter 39: errs = 17697.076, delta_errs = 121.597244, loss = 36529.176, delta_loss = 101.92905, learn_rate = 0.030407034
[DEBUG] 2015-04-09 10:17:30,160 -- RegSVD fold [5] iter 57: errs = 13875.05, delta_errs = -2.8247392, loss = 32877.652, delta_loss = -4.023957, learn_rate = 0.007901755
[DEBUG] 2015-04-09 10:17:30,160 -- RegSVD fold [3] iter 47: errs = 15270.3545, delta_errs = 8.607027, loss = 34255.016, delta_loss = -1.8109086, learn_rate = 0.021392874
[DEBUG] 2015-04-09 10:17:30,163 -- RegSVD fold [2] iter 44: errs = 15758.6, delta_errs = 1799.9619, loss = 34740.156, delta_loss = 1732.6936, learn_rate = 0.01847997
[DEBUG] 2015-04-09 10:17:30,164 -- RegSVD fold [4] iter 47: errs = 15427.23, delta_errs = 10.393621, loss = 34391.137, delta_loss = 0.1654638, learn_rate = 0.021392874
[DEBUG] 2015-04-09 10:17:30,170 -- RegSVD fold [1] iter 40: errs = 17603.125, delta_errs = 93.95261, loss = 36456.867, delta_loss = 72.30811, learn_rate = 0.031927384
[DEBUG] 2015-04-09 10:17:30,171 -- RegSVD fold [5] iter 58: errs = 13592.529, delta_errs = 282.5204, loss = 32622.69, delta_loss = 254.96053, learn_rate = 0.0039508776
[DEBUG] 2015-04-09 10:17:30,172 -- RegSVD fold [3] iter 48: errs = 14378.235, delta_errs = 892.1189, loss = 33413.957, delta_loss = 841.06055, learn_rate = 0.010696437
[DEBUG] 2015-04-09 10:17:30,175 -- RegSVD fold [2] iter 45: errs = 15565.61, delta_errs = 192.98904, loss = 34506.438, delta_loss = 233.71819, learn_rate = 0.019403968
[DEBUG] 2015-04-09 10:17:30,182 -- RegSVD fold [1] iter 41: errs = 17535.756, delta_errs = 67.36859, loss = 36413.152, delta_loss = 43.7178, learn_rate = 0.033523753
[DEBUG] 2015-04-09 10:17:30,183 -- RegSVD fold [5] iter 59: errs = 13539.056, delta_errs = 53.473934, loss = 32554.031, delta_loss = 68.6585, learn_rate = 0.0041484213
[DEBUG] 2015-04-09 10:17:30,183 -- RegSVD fold [4] iter 48: errs = 15431.089, delta_errs = -3.8580923, loss = 34407.83, delta_loss = -16.688812, learn_rate = 0.022462519
[DEBUG] 2015-04-09 10:17:30,183 -- RegSVD fold [3] iter 49: errs = 14276.188, delta_errs = 102.04721, loss = 33282.477, delta_loss = 131.48022, learn_rate = 0.011231259
[DEBUG] 2015-04-09 10:17:30,194 -- RegSVD fold [5] iter 60: errs = 13532.512, delta_errs = 6.544117, loss = 32544.428, delta_loss = 9.604738, learn_rate = 0.0043558422
[DEBUG] 2015-04-09 10:17:30,194 -- RegSVD fold [3] iter 50: errs = 14259.481, delta_errs = 16.706783, loss = 33261.73, delta_loss = 20.74498, learn_rate = 0.011792823
[DEBUG] 2015-04-09 10:17:30,195 -- RegSVD fold [1] iter 42: errs = 17494.145, delta_errs = 41.61167, loss = 36397.184, delta_loss = 15.968445, learn_rate = 0.035199944
[DEBUG] 2015-04-09 10:17:30,199 -- RegSVD fold [4] iter 49: errs = 14501.055, delta_errs = 930.03424, loss = 33529.098, delta_loss = 878.7304, learn_rate = 0.011231259
[DEBUG] 2015-04-09 10:17:30,200 -- RegSVD fold [2] iter 46: errs = 15527.135, delta_errs = 38.47562, loss = 34472.273, delta_loss = 34.164864, learn_rate = 0.020374168
[DEBUG] 2015-04-09 10:17:30,205 -- RegSVD fold [5] iter 61: errs = 13531.696, delta_errs = 0.8149359, loss = 32541.873, delta_loss = 2.553635, learn_rate = 0.0045736344
[DEBUG] 2015-04-09 10:17:30,206 -- RegSVD fold [3] iter 51: errs = 14255.696, delta_errs = 3.7855556, loss = 33259.71, delta_loss = 2.0173557, learn_rate = 0.012382464
[DEBUG] 2015-04-09 10:17:30,206 -- RegSVD fold [1] iter 43: errs = 17477.691, delta_errs = 16.452847, loss = 36408.316, delta_loss = -11.13349, learn_rate = 0.03695994
[DEBUG] 2015-04-09 10:17:30,212 -- RegSVD fold [4] iter 50: errs = 14400.569, delta_errs = 100.48511, loss = 33398.168, delta_loss = 130.92711, learn_rate = 0.011792823
[DEBUG] 2015-04-09 10:17:30,214 -- RegSVD fold [2] iter 47: errs = 15516.711, delta_errs = 10.423896, loss = 34473.145, delta_loss = -0.87205875, learn_rate = 0.021392874
[DEBUG] 2015-04-09 10:17:30,216 -- RegSVD fold [5] iter 62: errs = 13532.808, delta_errs = -1.1109357, loss = 32542.541, delta_loss = -0.6680897, learn_rate = 0.0048023164
[DEBUG] 2015-04-09 10:17:30,218 -- RegSVD fold [3] iter 52: errs = 14258.238, delta_errs = -2.5426612, loss = 33266.824, delta_loss = -7.1110125, learn_rate = 0.013001586
[DEBUG] 2015-04-09 10:17:30,218 -- RegSVD fold [1] iter 44: errs = 15689.365, delta_errs = 1788.3258, loss = 34689.184, delta_loss = 1719.1316, learn_rate = 0.01847997
[DEBUG] 2015-04-09 10:17:30,224 -- RegSVD fold [4] iter 51: errs = 14384.97, delta_errs = 15.599975, loss = 33378.96, delta_loss = 19.206587, learn_rate = 0.012382464
[DEBUG] 2015-04-09 10:17:30,227 -- RegSVD fold [2] iter 48: errs = 14605.966, delta_errs = 910.7457, loss = 33614.5, delta_loss = 858.64734, learn_rate = 0.010696437
[DEBUG] 2015-04-09 10:17:30,228 -- RegSVD fold [5] iter 63: errs = 13381.112, delta_errs = 151.69487, loss = 32412.088, delta_loss = 130.45293, learn_rate = 0.0024011582
[DEBUG] 2015-04-09 10:17:30,229 -- RegSVD fold [3] iter 53: errs = 13757.362, delta_errs = 500.87613, loss = 32805.824, delta_loss = 461.00122, learn_rate = 0.006500793
[DEBUG] 2015-04-09 10:17:30,229 -- RegSVD fold [1] iter 45: errs = 15496.352, delta_errs = 193.01393, loss = 34455.777, delta_loss = 233.40732, learn_rate = 0.019403968
[DEBUG] 2015-04-09 10:17:30,239 -- RegSVD fold [5] iter 64: errs = 13340.173, delta_errs = 40.940147, loss = 32357.02, delta_loss = 55.068516, learn_rate = 0.002521216
[DEBUG] 2015-04-09 10:17:30,241 -- RegSVD fold [3] iter 54: errs = 13693.26, delta_errs = 64.102615, loss = 32719.771, delta_loss = 86.051094, learn_rate = 0.006825833
[DEBUG] 2015-04-09 10:17:30,242 -- RegSVD fold [4] iter 52: errs = 14383.401, delta_errs = 1.5683788, loss = 33379.664, delta_loss = -0.700638, learn_rate = 0.013001586
[DEBUG] 2015-04-09 10:17:30,242 -- RegSVD fold [1] iter 46: errs = 15464.394, delta_errs = 31.95802, loss = 34425.82, delta_loss = 29.95571, learn_rate = 0.020374168
[DEBUG] 2015-04-09 10:17:30,249 -- RegSVD fold [2] iter 49: errs = 14501.186, delta_errs = 104.779884, loss = 33478.082, delta_loss = 136.41675, learn_rate = 0.011231259
[DEBUG] 2015-04-09 10:17:30,250 -- RegSVD fold [5] iter 65: errs = 13334.883, delta_errs = 5.289801, loss = 32348.969, delta_loss = 8.0504675, learn_rate = 0.002647277
[DEBUG] 2015-04-09 10:17:30,252 -- RegSVD fold [3] iter 55: errs = 13685.375, delta_errs = 7.885291, loss = 32706.887, delta_loss = 12.884472, learn_rate = 0.0071671247
[DEBUG] 2015-04-09 10:17:30,252 -- RegSVD fold [1] iter 47: errs = 15458.942, delta_errs = 5.4511237, loss = 34429.785, delta_loss = -3.9622755, learn_rate = 0.021392874
[DEBUG] 2015-04-09 10:17:30,255 -- RegSVD fold [4] iter 53: errs = 13895.276, delta_errs = 488.12463, loss = 32929.19, delta_loss = 450.47058, learn_rate = 0.006500793
[DEBUG] 2015-04-09 10:17:30,261 -- RegSVD fold [5] iter 66: errs = 13333.503, delta_errs = 1.3796808, loss = 32345.701, delta_loss = 3.2682545, learn_rate = 0.0027796407
[DEBUG] 2015-04-09 10:17:30,263 -- RegSVD fold [2] iter 50: errs = 14481.537, delta_errs = 19.648363, loss = 33455.234, delta_loss = 22.845615, learn_rate = 0.011792823
[DEBUG] 2015-04-09 10:17:30,263 -- RegSVD fold [3] iter 56: errs = 13684.987, delta_errs = 0.3870311, loss = 32705.072, delta_loss = 1.8137425, learn_rate = 0.007525481
[DEBUG] 2015-04-09 10:17:30,264 -- RegSVD fold [1] iter 48: errs = 14553.658, delta_errs = 905.28455, loss = 33575.44, delta_loss = 854.34045, learn_rate = 0.010696437
[DEBUG] 2015-04-09 10:17:30,267 -- RegSVD fold [4] iter 54: errs = 13830.533, delta_errs = 64.74356, loss = 32841.082, delta_loss = 88.11103, learn_rate = 0.006825833
[DEBUG] 2015-04-09 10:17:30,272 -- RegSVD fold [5] iter 67: errs = 13333.314, delta_errs = 0.18828435, loss = 32344.44, delta_loss = 1.2614627, learn_rate = 0.0029186227
[DEBUG] 2015-04-09 10:17:30,275 -- RegSVD fold [3] iter 57: errs = 13687.574, delta_errs = -2.5866883, loss = 32708.479, delta_loss = -3.4055588, learn_rate = 0.007901755
[DEBUG] 2015-04-09 10:17:30,275 -- RegSVD fold [2] iter 51: errs = 14475.903, delta_errs = 5.6341906, loss = 33452.28, delta_loss = 2.9562922, learn_rate = 0.012382464
[DEBUG] 2015-04-09 10:17:30,275 -- RegSVD fold [1] iter 49: errs = 14448.772, delta_errs = 104.88539, loss = 33439.1, delta_loss = 136.34032, learn_rate = 0.011231259
[DEBUG] 2015-04-09 10:17:30,284 -- RegSVD fold [5] iter 68: errs = 13333.755, delta_errs = -0.4400748, loss = 32344.475, delta_loss = -0.03537204, learn_rate = 0.003064554
[DEBUG] 2015-04-09 10:17:30,286 -- RegSVD fold [1] iter 50: errs = 14433.459, delta_errs = 15.313146, loss = 33419.12, delta_loss = 19.980951, learn_rate = 0.011792823
[DEBUG] 2015-04-09 10:17:30,286 -- RegSVD fold [3] iter 58: errs = 13403.532, delta_errs = 284.04227, loss = 32454.932, delta_loss = 253.54689, learn_rate = 0.0039508776
[DEBUG] 2015-04-09 10:17:30,288 -- RegSVD fold [4] iter 55: errs = 13820.07, delta_errs = 10.462783, loss = 32825.03, delta_loss = 16.050186, learn_rate = 0.0071671247
[DEBUG] 2015-04-09 10:17:30,295 -- RegSVD fold [5] iter 69: errs = 13247.974, delta_errs = 85.78159, loss = 32276.133, delta_loss = 68.342636, learn_rate = 0.001532277
[DEBUG] 2015-04-09 10:17:30,297 -- RegSVD fold [1] iter 51: errs = 14431.441, delta_errs = 2.017524, loss = 33418.383, delta_loss = 0.7392118, learn_rate = 0.012382464
[DEBUG] 2015-04-09 10:17:30,298 -- RegSVD fold [3] iter 59: errs = 13357.1875, delta_errs = 46.34426, loss = 32391.258, delta_loss = 63.6734, learn_rate = 0.0041484213
[DEBUG] 2015-04-09 10:17:30,298 -- RegSVD fold [2] iter 52: errs = 14477.122, delta_errs = -1.2193954, loss = 33458.883, delta_loss = -6.6024966, learn_rate = 0.013001586
[DEBUG] 2015-04-09 10:17:30,303 -- RegSVD fold [4] iter 56: errs = 13817.684, delta_errs = 2.386333, loss = 32820.992, delta_loss = 4.0388503, learn_rate = 0.007525481
[DEBUG] 2015-04-09 10:17:30,306 -- RegSVD fold [5] iter 70: errs = 13217.685, delta_errs = 30.288784, loss = 32233.291, delta_loss = 42.84119, learn_rate = 0.0016088908
[DEBUG] 2015-04-09 10:17:30,308 -- RegSVD fold [1] iter 52: errs = 14435.813, delta_errs = -4.3721623, loss = 33426.95, delta_loss = -8.565361, learn_rate = 0.013001586
[DEBUG] 2015-04-09 10:17:30,309 -- RegSVD fold [3] iter 60: errs = 13351.837, delta_errs = 5.3507485, loss = 32381.627, delta_loss = 9.631472, learn_rate = 0.0043558422
[DEBUG] 2015-04-09 10:17:30,310 -- RegSVD fold [2] iter 53: errs = 13960.601, delta_errs = 516.5218, loss = 32983.13, delta_loss = 475.75467, learn_rate = 0.006500793
[DEBUG] 2015-04-09 10:17:30,316 -- RegSVD fold [4] iter 57: errs = 13818.569, delta_errs = -0.8850727, loss = 32822.65, delta_loss = -1.6565303, learn_rate = 0.007901755
[DEBUG] 2015-04-09 10:17:30,317 -- RegSVD fold [5] iter 71: errs = 13213.748, delta_errs = 3.9363017, loss = 32226.984, delta_loss = 6.3070555, learn_rate = 0.0016893353
[DEBUG] 2015-04-09 10:17:30,319 -- RegSVD fold [1] iter 53: errs = 13920.071, delta_errs = 515.74255, loss = 32950.547, delta_loss = 476.40112, learn_rate = 0.006500793
[DEBUG] 2015-04-09 10:17:30,321 -- RegSVD fold [3] iter 61: errs = 13351.579, delta_errs = 0.25795847, loss = 32378.965, delta_loss = 2.6625915, learn_rate = 0.0045736344
[DEBUG] 2015-04-09 10:17:30,322 -- RegSVD fold [2] iter 54: errs = 13896.774, delta_errs = 63.826042, loss = 32896.613, delta_loss = 86.51311, learn_rate = 0.006825833
[DEBUG] 2015-04-09 10:17:30,328 -- RegSVD fold [4] iter 58: errs = 13545.661, delta_errs = 272.90796, loss = 32578.45, delta_loss = 244.199, learn_rate = 0.0039508776
[DEBUG] 2015-04-09 10:17:30,329 -- RegSVD fold [5] iter 72: errs = 13212.635, delta_errs = 1.1135323, loss = 32224.193, delta_loss = 2.7917964, learn_rate = 0.0017738021
[DEBUG] 2015-04-09 10:17:30,331 -- RegSVD fold [1] iter 54: errs = 13857.111, delta_errs = 62.960243, loss = 32864.71, delta_loss = 85.836655, learn_rate = 0.006825833
[DEBUG] 2015-04-09 10:17:30,332 -- RegSVD fold [3] iter 62: errs = 13352.986, delta_errs = -1.4070226, loss = 32379.486, delta_loss = -0.5211153, learn_rate = 0.0048023164
[DEBUG] 2015-04-09 10:17:30,334 -- RegSVD fold [2] iter 55: errs = 13887.611, delta_errs = 9.162812, loss = 32882.824, delta_loss = 13.791219, learn_rate = 0.0071671247
[DEBUG] 2015-04-09 10:17:30,340 -- RegSVD fold [5] iter 73: errs = 13212.249, delta_errs = 0.38532, loss = 32222.701, delta_loss = 1.4917593, learn_rate = 0.0018624922
[DEBUG] 2015-04-09 10:17:30,342 -- RegSVD fold [4] iter 59: errs = 13497.849, delta_errs = 47.812435, loss = 32513.133, delta_loss = 65.31774, learn_rate = 0.0041484213
[DEBUG] 2015-04-09 10:17:30,344 -- RegSVD fold [3] iter 63: errs = 13194.974, delta_errs = 158.01196, loss = 32244.516, delta_loss = 134.96959, learn_rate = 0.0024011582
[DEBUG] 2015-04-09 10:17:30,346 -- RegSVD fold [2] iter 56: errs = 13886.161, delta_errs = 1.4507046, loss = 32880.55, delta_loss = 2.272041, learn_rate = 0.007525481
[DEBUG] 2015-04-09 10:17:30,349 -- RegSVD fold [1] iter 55: errs = 13850.473, delta_errs = 6.638755, loss = 32852.6, delta_loss = 12.107559, learn_rate = 0.0071671247
[DEBUG] 2015-04-09 10:17:30,351 -- RegSVD fold [5] iter 74: errs = 13212.173, delta_errs = 0.07626917, loss = 32221.982, delta_loss = 0.71757096, learn_rate = 0.0019556168
[DEBUG] 2015-04-09 10:17:30,355 -- RegSVD fold [4] iter 60: errs = 13491.412, delta_errs = 6.4366655, loss = 32502.016, delta_loss = 11.116417, learn_rate = 0.0043558422
[DEBUG] 2015-04-09 10:17:30,355 -- RegSVD fold [3] iter 64: errs = 13160.162, delta_errs = 34.81162, loss = 32195.135, delta_loss = 49.381565, learn_rate = 0.002521216
[DEBUG] 2015-04-09 10:17:30,358 -- RegSVD fold [2] iter 57: errs = 13887.944, delta_errs = -1.7837428, loss = 32883.72, delta_loss = -3.1687, learn_rate = 0.007901755
[DEBUG] 2015-04-09 10:17:30,362 -- RegSVD fold [1] iter 56: errs = 13851.301, delta_errs = -0.8287968, loss = 32851.785, delta_loss = 0.81753033, learn_rate = 0.007525481
[DEBUG] 2015-04-09 10:17:30,362 -- RegSVD fold [5] iter 75: errs = 13212.301, delta_errs = -0.12733944, loss = 32221.855, delta_loss = 0.12862696, learn_rate = 0.0020533977
[DEBUG] 2015-04-09 10:17:30,365 -- RegSVD fold [5] evaluate test data ... 
[DEBUG] 2015-04-09 10:17:30,366 -- RegSVD fold [3] iter 65: errs = 13155.904, delta_errs = 4.258108, loss = 32187.492, delta_loss = 7.64147, learn_rate = 0.002647277
[DEBUG] 2015-04-09 10:17:30,367 -- RegSVD fold [4] iter 61: errs = 13489.954, delta_errs = 1.457875, loss = 32498.053, delta_loss = 3.9637501, learn_rate = 0.0045736344
[DEBUG] 2015-04-09 10:17:30,370 -- RegSVD fold [2] iter 58: errs = 13590.442, delta_errs = 297.50208, loss = 32617.018, delta_loss = 266.70233, learn_rate = 0.0039508776
[DEBUG] 2015-04-09 10:17:30,373 -- RegSVD fold [1] iter 57: errs = 13855.158, delta_errs = -3.856563, loss = 32856.293, delta_loss = -4.507407, learn_rate = 0.007901755
[DEBUG] 2015-04-09 10:17:30,377 -- RegSVD fold [3] iter 66: errs = 13155.163, delta_errs = 0.74107784, loss = 32184.445, delta_loss = 3.047649, learn_rate = 0.0027796407
[DEBUG] 2015-04-09 10:17:30,379 -- RegSVD fold [4] iter 62: errs = 13490.189, delta_errs = -0.2356061, loss = 32497.428, delta_loss = 0.6251457, learn_rate = 0.0048023164
[DEBUG] 2015-04-09 10:17:30,383 -- RegSVD fold [2] iter 59: errs = 13546.233, delta_errs = 44.208775, loss = 32555.53, delta_loss = 61.488674, learn_rate = 0.0041484213
[DEBUG] 2015-04-09 10:17:30,385 -- RegSVD fold [1] iter 58: errs = 13556.076, delta_errs = 299.08173, loss = 32586.98, delta_loss = 269.3115, learn_rate = 0.0039508776
[DEBUG] 2015-04-09 10:17:30,387 -- RegSVD fold [3] iter 67: errs = 13155.474, delta_errs = -0.3102972, loss = 32183.379, delta_loss = 1.0666449, learn_rate = 0.0029186227
[DEBUG] 2015-04-09 10:17:30,397 -- RegSVD fold [3] iter 68: errs = 13156.343, delta_errs = -0.8689406, loss = 32183.588, delta_loss = -0.20872407, learn_rate = 0.003064554
[DEBUG] 2015-04-09 10:17:30,403 -- RegSVD fold [1] iter 59: errs = 13513.157, delta_errs = 42.91872, loss = 32526.672, delta_loss = 60.308865, learn_rate = 0.0041484213
[DEBUG] 2015-04-09 10:17:30,406 -- RegSVD fold [4] iter 63: errs = 13491.508, delta_errs = -1.3183978, loss = 32499.025, delta_loss = -1.5987474, learn_rate = 0.005042432
[DEBUG] 2015-04-09 10:17:30,407 -- RegSVD fold [3] iter 69: errs = 13062.397, delta_errs = 93.94494, loss = 32108.133, delta_loss = 75.45447, learn_rate = 0.001532277
[DEBUG] 2015-04-09 10:17:30,408 -- RegSVD fold [2] iter 60: errs = 13540.802, delta_errs = 5.432502, loss = 32545.826, delta_loss = 9.702484, learn_rate = 0.0043558422
[DEBUG] 2015-04-09 10:17:30,408 -- RegSVD fold [5]: 0.796871,1.079901,0.177082,0.473286	Time: 00:00, 00:00	View: all
[DEBUG] 2015-04-09 10:17:30,416 -- RegSVD fold [1] iter 60: errs = 13509.339, delta_errs = 3.8182433, loss = 32517.988, delta_loss = 8.684728, learn_rate = 0.0043558422
[DEBUG] 2015-04-09 10:17:30,418 -- RegSVD fold [3] iter 70: errs = 13037.494, delta_errs = 24.90375, loss = 32070.766, delta_loss = 37.368095, learn_rate = 0.0016088908
[DEBUG] 2015-04-09 10:17:30,418 -- RegSVD fold [4] iter 64: errs = 13330.35, delta_errs = 161.15813, loss = 32360.012, delta_loss = 139.01369, learn_rate = 0.002521216
[DEBUG] 2015-04-09 10:17:30,420 -- RegSVD fold [2] iter 61: errs = 13540.165, delta_errs = 0.6359646, loss = 32543.072, delta_loss = 2.7536545, learn_rate = 0.0045736344
[DEBUG] 2015-04-09 10:17:30,428 -- RegSVD fold [1] iter 61: errs = 13510.15, delta_errs = -0.81176716, loss = 32516.164, delta_loss = 1.8236831, learn_rate = 0.0045736344
[DEBUG] 2015-04-09 10:17:30,429 -- RegSVD fold [3] iter 71: errs = 13034.411, delta_errs = 3.0822802, loss = 32065.059, delta_loss = 5.706837, learn_rate = 0.0016893353
[DEBUG] 2015-04-09 10:17:30,430 -- RegSVD fold [4] iter 65: errs = 13292.38, delta_errs = 37.96958, loss = 32308.316, delta_loss = 51.695736, learn_rate = 0.002647277
[DEBUG] 2015-04-09 10:17:30,431 -- RegSVD fold [2] iter 62: errs = 13541.209, delta_errs = -1.0440217, loss = 32543.57, delta_loss = -0.4972713, learn_rate = 0.0048023164
[DEBUG] 2015-04-09 10:17:30,440 -- RegSVD fold [3] iter 72: errs = 13033.8545, delta_errs = 0.5573103, loss = 32062.62, delta_loss = 2.4382193, learn_rate = 0.0017738021
[DEBUG] 2015-04-09 10:17:30,442 -- RegSVD fold [2] iter 63: errs = 13373.218, delta_errs = 167.99149, loss = 32398.646, delta_loss = 144.92323, learn_rate = 0.0024011582
[DEBUG] 2015-04-09 10:17:30,445 -- RegSVD fold [4] iter 66: errs = 13288.1875, delta_errs = 4.19305, loss = 32300.703, delta_loss = 7.612891, learn_rate = 0.0027796407
[DEBUG] 2015-04-09 10:17:30,449 -- RegSVD fold [1] iter 62: errs = 13512.554, delta_errs = -2.403199, loss = 32517.557, delta_loss = -1.3936741, learn_rate = 0.0048023164
[DEBUG] 2015-04-09 10:17:30,451 -- RegSVD fold [3] iter 73: errs = 13033.942, delta_errs = -0.08825379, loss = 32061.45, delta_loss = 1.1707566, learn_rate = 0.0018624922
[DEBUG] 2015-04-09 10:17:30,453 -- RegSVD fold [2] iter 64: errs = 13340.092, delta_errs = 33.12632, loss = 32351.312, delta_loss = 47.3346, learn_rate = 0.002521216
[DEBUG] 2015-04-09 10:17:30,457 -- RegSVD fold [4] iter 67: errs = 13287.386, delta_errs = 0.80106014, loss = 32297.72, delta_loss = 2.9835005, learn_rate = 0.0029186227
[DEBUG] 2015-04-09 10:17:30,461 -- RegSVD fold [1] iter 63: errs = 13343.333, delta_errs = 169.2208, loss = 32370.438, delta_loss = 147.11908, learn_rate = 0.0024011582
[DEBUG] 2015-04-09 10:17:30,463 -- RegSVD fold [3] iter 74: errs = 13034.309, delta_errs = -0.36656943, loss = 32061.049, delta_loss = 0.4009328, learn_rate = 0.0019556168
[DEBUG] 2015-04-09 10:17:30,465 -- RegSVD fold [2] iter 65: errs = 13336.266, delta_errs = 3.8263447, loss = 32343.916, delta_loss = 7.395486, learn_rate = 0.002647277
[DEBUG] 2015-04-09 10:17:30,467 -- RegSVD fold [4] iter 68: errs = 13287.576, delta_errs = -0.19020657, loss = 32296.752, delta_loss = 0.9680854, learn_rate = 0.003064554
[DEBUG] 2015-04-09 10:17:30,473 -- RegSVD fold [1] iter 64: errs = 13311.095, delta_errs = 32.23878, loss = 32324.406, delta_loss = 46.03157, learn_rate = 0.002521216
[DEBUG] 2015-04-09 10:17:30,474 -- RegSVD fold [3] iter 75: errs = 13034.867, delta_errs = -0.5583956, loss = 32061.23, delta_loss = -0.18164776, learn_rate = 0.0020533977
[DEBUG] 2015-04-09 10:17:30,474 -- RegSVD fold [3] evaluate test data ... 
[DEBUG] 2015-04-09 10:17:30,476 -- RegSVD fold [2] iter 66: errs = 13335.595, delta_errs = 0.6709832, loss = 32340.943, delta_loss = 2.9729187, learn_rate = 0.0027796407
[DEBUG] 2015-04-09 10:17:30,477 -- RegSVD fold [4] iter 69: errs = 13288.309, delta_errs = -0.7320017, loss = 32297.094, delta_loss = -0.3417275, learn_rate = 0.0032177817
[DEBUG] 2015-04-09 10:17:30,486 -- RegSVD fold [3]: 0.811476,1.100494,0.180328,0.482585	Time: 00:01, 00:00	View: all
[DEBUG] 2015-04-09 10:17:30,486 -- RegSVD fold [2] iter 67: errs = 13335.862, delta_errs = -0.26843765, loss = 32339.934, delta_loss = 1.009639, learn_rate = 0.0029186227
[DEBUG] 2015-04-09 10:17:30,489 -- RegSVD fold [1] iter 65: errs = 13308.348, delta_errs = 2.747048, loss = 32317.752, delta_loss = 6.655793, learn_rate = 0.002647277
[DEBUG] 2015-04-09 10:17:30,493 -- RegSVD fold [4] iter 70: errs = 13193.483, delta_errs = 94.8249, loss = 32219.352, delta_loss = 77.742, learn_rate = 0.0016088908
[DEBUG] 2015-04-09 10:17:30,497 -- RegSVD fold [2] iter 68: errs = 13336.655, delta_errs = -0.79300094, loss = 32340.217, delta_loss = -0.28330994, learn_rate = 0.003064554
[DEBUG] 2015-04-09 10:17:30,501 -- RegSVD fold [1] iter 66: errs = 13308.574, delta_errs = -0.22669403, loss = 32315.348, delta_loss = 2.4035437, learn_rate = 0.0027796407
[DEBUG] 2015-04-09 10:17:30,508 -- RegSVD fold [2] iter 69: errs = 13236.472, delta_errs = 100.18445, loss = 32258.656, delta_loss = 81.56094, learn_rate = 0.001532277
[DEBUG] 2015-04-09 10:17:30,510 -- RegSVD fold [4] iter 71: errs = 13164.542, delta_errs = 28.941498, loss = 32178.791, delta_loss = 40.560677, learn_rate = 0.0016893353
[DEBUG] 2015-04-09 10:17:30,512 -- RegSVD fold [1] iter 67: errs = 13309.675, delta_errs = -1.1003498, loss = 32314.87, delta_loss = 0.4777993, learn_rate = 0.0029186227
[DEBUG] 2015-04-09 10:17:30,519 -- RegSVD fold [2] iter 70: errs = 13212.329, delta_errs = 24.14191, loss = 32222.305, delta_loss = 36.351814, learn_rate = 0.0016088908
[DEBUG] 2015-04-09 10:17:30,523 -- RegSVD fold [1] iter 68: errs = 13311.257, delta_errs = -1.5821826, loss = 32315.668, delta_loss = -0.7987615, learn_rate = 0.003064554
[DEBUG] 2015-04-09 10:17:30,525 -- RegSVD fold [4] iter 72: errs = 13161.223, delta_errs = 3.319613, loss = 32172.9, delta_loss = 5.8909883, learn_rate = 0.0017738021
[DEBUG] 2015-04-09 10:17:30,530 -- RegSVD fold [2] iter 71: errs = 13209.628, delta_errs = 2.7014742, loss = 32216.83, delta_loss = 5.4738045, learn_rate = 0.0016893353
[DEBUG] 2015-04-09 10:17:30,533 -- RegSVD fold [1] iter 69: errs = 13211.564, delta_errs = 99.69221, loss = 32233.44, delta_loss = 82.22954, learn_rate = 0.001532277
[DEBUG] 2015-04-09 10:17:30,537 -- RegSVD fold [4] iter 73: errs = 13160.632, delta_errs = 0.59050447, loss = 32170.432, delta_loss = 2.4679182, learn_rate = 0.0018624922
[DEBUG] 2015-04-09 10:17:30,541 -- RegSVD fold [2] iter 72: errs = 13209.239, delta_errs = 0.38831228, loss = 32214.441, delta_loss = 2.389005, learn_rate = 0.0017738021
[DEBUG] 2015-04-09 10:17:30,545 -- RegSVD fold [1] iter 70: errs = 13187.608, delta_errs = 23.956106, loss = 32198.057, delta_loss = 35.382378, learn_rate = 0.0016088908
[DEBUG] 2015-04-09 10:17:30,552 -- RegSVD fold [4] iter 74: errs = 13160.67, delta_errs = -0.037943877, loss = 32169.27, delta_loss = 1.1616064, learn_rate = 0.0019556168
[DEBUG] 2015-04-09 10:17:30,552 -- RegSVD fold [2] iter 73: errs = 13209.402, delta_errs = -0.16235945, loss = 32213.295, delta_loss = 1.146491, learn_rate = 0.0018624922
[DEBUG] 2015-04-09 10:17:30,556 -- RegSVD fold [1] iter 71: errs = 13185.453, delta_errs = 2.1548193, loss = 32193.115, delta_loss = 4.940925, learn_rate = 0.0016893353
[DEBUG] 2015-04-09 10:17:30,563 -- RegSVD fold [2] iter 74: errs = 13209.792, delta_errs = -0.3901308, loss = 32212.924, delta_loss = 0.37071845, learn_rate = 0.0019556168
[DEBUG] 2015-04-09 10:17:30,565 -- RegSVD fold [4] iter 75: errs = 13160.968, delta_errs = -0.29759517, loss = 32168.908, delta_loss = 0.36297542, learn_rate = 0.0020533977
[DEBUG] 2015-04-09 10:17:30,565 -- RegSVD fold [4] evaluate test data ... 
[DEBUG] 2015-04-09 10:17:30,567 -- RegSVD fold [1] iter 72: errs = 13185.544, delta_errs = -0.09026798, loss = 32191.072, delta_loss = 2.043672, learn_rate = 0.0017738021
[DEBUG] 2015-04-09 10:17:30,574 -- RegSVD fold [4]: 0.803293,1.085021,0.178510,0.483497	Time: 00:01, 00:00	View: all
[DEBUG] 2015-04-09 10:17:30,574 -- RegSVD fold [2] iter 75: errs = 13210.347, delta_errs = -0.554379, loss = 32213.152, delta_loss = -0.22722827, learn_rate = 0.0020533977
[DEBUG] 2015-04-09 10:17:30,574 -- RegSVD fold [2] evaluate test data ... 
[DEBUG] 2015-04-09 10:17:30,578 -- RegSVD fold [1] iter 73: errs = 13186.154, delta_errs = -0.6109796, loss = 32190.209, delta_loss = 0.86364776, learn_rate = 0.0018624922
[DEBUG] 2015-04-09 10:17:30,583 -- RegSVD fold [2]: 0.795729,1.074031,0.176829,0.475995	Time: 00:01, 00:00	View: all
[DEBUG] 2015-04-09 10:17:30,587 -- RegSVD fold [1] iter 74: errs = 13186.978, delta_errs = -0.8227236, loss = 32190.096, delta_loss = 0.11356277, learn_rate = 0.0019556168
[DEBUG] 2015-04-09 10:17:30,596 -- RegSVD fold [1] iter 75: errs = 13187.954, delta_errs = -0.97628427, loss = 32190.57, delta_loss = -0.47474095, learn_rate = 0.0020533977
[DEBUG] 2015-04-09 10:17:30,596 -- RegSVD fold [1] evaluate test data ... 
[DEBUG] 2015-04-09 10:17:30,604 -- RegSVD fold [1]: 0.800465,1.078470,0.177881,0.478584	Time: 00:01, 00:00	View: all
[INFO ] 2015-04-09 10:17:30,607 -- RegSVD,0.801567,1.083583,0.178126,0.478790,0.005,-1.0,0.05,0.05,0.05,10,75,true,'00:01','00:00'
