[INFO ] 2015-04-11 20:10:51,774 -- Training: ...sk/hou/workspace/mldata/ratings.csv, kFold: 5 [Parallel]
[DEBUG] 2015-04-11 20:10:52,680 -- Dataset: {Users, Items, Ratings} = {706, 8552, 100023}, Scale = {0.5, 1.0, 1.5, 2.0, 2.5, 3.0, 3.5, 4.0, 4.5, 5.0}
[DEBUG] 2015-04-11 20:10:53,153 -- Fold [1]: training amount: 80018, test amount: 20005
[DEBUG] 2015-04-11 20:10:53,171 -- Build item similarity matrix ...
[DEBUG] 2015-04-11 20:10:53,215 -- Fold [2]: training amount: 80018, test amount: 20005
[DEBUG] 2015-04-11 20:10:53,219 -- Build item similarity matrix ...
[DEBUG] 2015-04-11 20:10:53,263 -- Fold [3]: training amount: 80019, test amount: 20004
[DEBUG] 2015-04-11 20:10:53,269 -- Build item similarity matrix ...
[DEBUG] 2015-04-11 20:10:53,348 -- Fold [4]: training amount: 80018, test amount: 20005
[DEBUG] 2015-04-11 20:10:53,373 -- Build item similarity matrix ...
[DEBUG] 2015-04-11 20:10:53,413 -- Fold [5]: training amount: 80019, test amount: 20004
[DEBUG] 2015-04-11 20:10:53,453 -- Build item similarity matrix ...
[DEBUG] 2015-04-11 20:12:41,097 -- ItemKNN: ,80,PPC,10
[DEBUG] 2015-04-11 20:12:41,099 -- ItemKNN fold [5] evaluate test data ... 
[DEBUG] 2015-04-11 20:12:41,106 -- ItemKNN fold [5] has candidate items: 7922
[DEBUG] 2015-04-11 20:12:41,947 -- ItemKNN: ,80,PPC,10
[DEBUG] 2015-04-11 20:12:41,948 -- ItemKNN fold [2] evaluate test data ... 
[DEBUG] 2015-04-11 20:12:41,953 -- ItemKNN fold [2] has candidate items: 7970
[DEBUG] 2015-04-11 20:12:42,329 -- ItemKNN: ,80,PPC,10
[DEBUG] 2015-04-11 20:12:42,329 -- ItemKNN fold [1] evaluate test data ... 
[DEBUG] 2015-04-11 20:12:42,336 -- ItemKNN fold [1] has candidate items: 7907
[DEBUG] 2015-04-11 20:12:42,419 -- ItemKNN: ,80,PPC,10
[DEBUG] 2015-04-11 20:12:42,419 -- ItemKNN fold [4] evaluate test data ... 
[DEBUG] 2015-04-11 20:12:42,426 -- ItemKNN fold [4] has candidate items: 7947
[DEBUG] 2015-04-11 20:12:42,445 -- ItemKNN: ,80,PPC,10
[DEBUG] 2015-04-11 20:12:42,446 -- ItemKNN fold [3] evaluate test data ... 
[DEBUG] 2015-04-11 20:12:42,451 -- ItemKNN fold [3] has candidate items: 7940
